{"D:\\Repos\\Dialogo\\models\\channelModel.ts": {"path":"D:\\Repos\\Dialogo\\models\\channelModel.ts","statementMap":{},"fnMap":{},"branchMap":{},"s":{},"f":{},"b":{},"meta":{"lastBranch":0,"lastFunction":0,"lastStatement":0,"seen":{}}}
,"D:\\Repos\\Dialogo\\models\\chatModel.ts": {"path":"D:\\Repos\\Dialogo\\models\\chatModel.ts","statementMap":{},"fnMap":{},"branchMap":{},"s":{},"f":{},"b":{},"meta":{"lastBranch":0,"lastFunction":0,"lastStatement":0,"seen":{}}}
,"D:\\Repos\\Dialogo\\models\\messageModel.ts": {"path":"D:\\Repos\\Dialogo\\models\\messageModel.ts","statementMap":{"0":{"start":{"line":11,"column":4},"end":{"line":11,"column":null}},"1":{"start":{"line":12,"column":4},"end":{"line":12,"column":null}},"2":{"start":{"line":13,"column":4},"end":{"line":13,"column":null}},"3":{"start":{"line":14,"column":4},"end":{"line":14,"column":null}},"4":{"start":{"line":15,"column":4},"end":{"line":15,"column":null}},"5":{"start":{"line":16,"column":4},"end":{"line":16,"column":null}},"6":{"start":{"line":17,"column":4},"end":{"line":17,"column":null}}},"fnMap":{"0":{"name":"(anonymous_0)","decl":{"start":{"line":10,"column":2},"end":{"line":10,"column":14}},"loc":{"start":{"line":10,"column":134},"end":{"line":18,"column":null}},"line":10}},"branchMap":{},"s":{"0":2,"1":2,"2":2,"3":2,"4":2,"5":2,"6":2},"f":{"0":2},"b":{},"meta":{"lastBranch":0,"lastFunction":1,"lastStatement":7,"seen":{"f:10:2:10:14":0,"s:11:4:11:Infinity":0,"s:12:4:12:Infinity":1,"s:13:4:13:Infinity":2,"s:14:4:14:Infinity":3,"s:15:4:15:Infinity":4,"s:16:4:16:Infinity":5,"s:17:4:17:Infinity":6}}}
,"D:\\Repos\\Dialogo\\models\\responseModel.ts": {"path":"D:\\Repos\\Dialogo\\models\\responseModel.ts","statementMap":{},"fnMap":{},"branchMap":{},"s":{},"f":{},"b":{},"meta":{"lastBranch":0,"lastFunction":0,"lastStatement":0,"seen":{}}}
,"D:\\Repos\\Dialogo\\models\\serverModel.ts": {"path":"D:\\Repos\\Dialogo\\models\\serverModel.ts","statementMap":{},"fnMap":{},"branchMap":{},"s":{},"f":{},"b":{},"meta":{"lastBranch":0,"lastFunction":0,"lastStatement":0,"seen":{}}}
,"D:\\Repos\\Dialogo\\models\\userModel.ts": {"path":"D:\\Repos\\Dialogo\\models\\userModel.ts","statementMap":{},"fnMap":{},"branchMap":{},"s":{},"f":{},"b":{},"meta":{"lastBranch":0,"lastFunction":0,"lastStatement":0,"seen":{}}}
,"D:\\Repos\\Dialogo\\server\\websocket.ts": {"path":"D:\\Repos\\Dialogo\\server\\websocket.ts","statementMap":{"0":{"start":{"line":5,"column":12},"end":{"line":5,"column":null}},"1":{"start":{"line":7,"column":25},"end":{"line":7,"column":null}},"2":{"start":{"line":8,"column":25},"end":{"line":8,"column":null}},"3":{"start":{"line":10,"column":20},"end":{"line":10,"column":null}},"4":{"start":{"line":11,"column":18},"end":{"line":11,"column":null}},"5":{"start":{"line":14,"column":0},"end":{"line":29,"column":null}},"6":{"start":{"line":15,"column":16},"end":{"line":15,"column":null}},"7":{"start":{"line":16,"column":19},"end":{"line":16,"column":null}},"8":{"start":{"line":17,"column":22},"end":{"line":17,"column":null}},"9":{"start":{"line":18,"column":21},"end":{"line":18,"column":null}},"10":{"start":{"line":19,"column":21},"end":{"line":19,"column":null}},"11":{"start":{"line":22,"column":4},"end":{"line":28,"column":null}},"12":{"start":{"line":23,"column":8},"end":{"line":23,"column":null}},"13":{"start":{"line":24,"column":4},"end":{"line":28,"column":null}},"14":{"start":{"line":25,"column":8},"end":{"line":25,"column":null}},"15":{"start":{"line":27,"column":8},"end":{"line":27,"column":null}},"16":{"start":{"line":32,"column":4},"end":{"line":34,"column":null}},"17":{"start":{"line":33,"column":8},"end":{"line":33,"column":null}},"18":{"start":{"line":35,"column":24},"end":{"line":35,"column":null}},"19":{"start":{"line":36,"column":4},"end":{"line":36,"column":null}},"20":{"start":{"line":37,"column":4},"end":{"line":37,"column":null}},"21":{"start":{"line":38,"column":4},"end":{"line":38,"column":null}},"22":{"start":{"line":39,"column":4},"end":{"line":39,"column":null}},"23":{"start":{"line":40,"column":4},"end":{"line":48,"column":null}},"24":{"start":{"line":41,"column":30},"end":{"line":41,"column":null}},"25":{"start":{"line":43,"column":8},"end":{"line":47,"column":null}},"26":{"start":{"line":44,"column":12},"end":{"line":46,"column":null}},"27":{"start":{"line":45,"column":12},"end":{"line":45,"column":null}},"28":{"start":{"line":49,"column":4},"end":{"line":53,"column":null}},"29":{"start":{"line":50,"column":8},"end":{"line":50,"column":null}},"30":{"start":{"line":51,"column":8},"end":{"line":51,"column":null}},"31":{"start":{"line":52,"column":8},"end":{"line":52,"column":null}},"32":{"start":{"line":57,"column":4},"end":{"line":59,"column":null}},"33":{"start":{"line":58,"column":8},"end":{"line":58,"column":null}},"34":{"start":{"line":61,"column":27},"end":{"line":61,"column":null}},"35":{"start":{"line":62,"column":4},"end":{"line":62,"column":null}},"36":{"start":{"line":63,"column":4},"end":{"line":63,"column":null}},"37":{"start":{"line":65,"column":4},"end":{"line":72,"column":null}},"38":{"start":{"line":66,"column":8},"end":{"line":66,"column":null}},"39":{"start":{"line":67,"column":8},"end":{"line":67,"column":null}},"40":{"start":{"line":68,"column":8},"end":{"line":71,"column":null}},"41":{"start":{"line":69,"column":12},"end":{"line":69,"column":null}},"42":{"start":{"line":70,"column":12},"end":{"line":70,"column":null}},"43":{"start":{"line":76,"column":4},"end":{"line":76,"column":null}},"44":{"start":{"line":77,"column":4},"end":{"line":77,"column":null}},"45":{"start":{"line":79,"column":4},"end":{"line":82,"column":null}},"46":{"start":{"line":80,"column":8},"end":{"line":80,"column":null}},"47":{"start":{"line":81,"column":8},"end":{"line":81,"column":null}},"48":{"start":{"line":85,"column":29},"end":{"line":93,"column":null}},"49":{"start":{"line":86,"column":20},"end":{"line":86,"column":null}},"50":{"start":{"line":87,"column":4},"end":{"line":91,"column":null}},"51":{"start":{"line":88,"column":8},"end":{"line":90,"column":null}},"52":{"start":{"line":89,"column":12},"end":{"line":89,"column":null}},"53":{"start":{"line":95,"column":32},"end":{"line":101,"column":null}},"54":{"start":{"line":96,"column":4},"end":{"line":100,"column":null}},"55":{"start":{"line":97,"column":8},"end":{"line":99,"column":null}},"56":{"start":{"line":98,"column":12},"end":{"line":98,"column":null}},"57":{"start":{"line":103,"column":30},"end":{"line":118,"column":null}},"58":{"start":{"line":105,"column":27},"end":{"line":107,"column":null}},"59":{"start":{"line":106,"column":8},"end":{"line":106,"column":null}},"60":{"start":{"line":108,"column":4},"end":{"line":117,"column":null}},"61":{"start":{"line":109,"column":23},"end":{"line":109,"column":null}},"62":{"start":{"line":110,"column":8},"end":{"line":114,"column":null}},"63":{"start":{"line":111,"column":12},"end":{"line":111,"column":null}},"64":{"start":{"line":113,"column":12},"end":{"line":113,"column":null}},"65":{"start":{"line":116,"column":8},"end":{"line":116,"column":null}},"66":{"start":{"line":120,"column":27},"end":{"line":122,"column":null}},"67":{"start":{"line":121,"column":8},"end":{"line":121,"column":null}},"68":{"start":{"line":123,"column":4},"end":{"line":125,"column":null}},"69":{"start":{"line":124,"column":8},"end":{"line":124,"column":null}},"70":{"start":{"line":126,"column":4},"end":{"line":138,"column":null}},"71":{"start":{"line":127,"column":23},"end":{"line":127,"column":null}},"72":{"start":{"line":128,"column":8},"end":{"line":134,"column":null}},"73":{"start":{"line":129,"column":12},"end":{"line":129,"column":null}},"74":{"start":{"line":131,"column":12},"end":{"line":131,"column":null}},"75":{"start":{"line":133,"column":12},"end":{"line":133,"column":null}},"76":{"start":{"line":136,"column":8},"end":{"line":136,"column":null}},"77":{"start":{"line":137,"column":8},"end":{"line":137,"column":null}},"78":{"start":{"line":142,"column":27},"end":{"line":144,"column":null}},"79":{"start":{"line":143,"column":8},"end":{"line":143,"column":null}},"80":{"start":{"line":145,"column":4},"end":{"line":157,"column":null}},"81":{"start":{"line":146,"column":23},"end":{"line":146,"column":null}},"82":{"start":{"line":147,"column":8},"end":{"line":153,"column":null}},"83":{"start":{"line":148,"column":12},"end":{"line":148,"column":null}},"84":{"start":{"line":150,"column":12},"end":{"line":150,"column":null}},"85":{"start":{"line":152,"column":12},"end":{"line":152,"column":null}},"86":{"start":{"line":155,"column":8},"end":{"line":155,"column":null}},"87":{"start":{"line":156,"column":8},"end":{"line":156,"column":null}},"88":{"start":{"line":160,"column":27},"end":{"line":162,"column":null}},"89":{"start":{"line":161,"column":8},"end":{"line":161,"column":null}},"90":{"start":{"line":163,"column":4},"end":{"line":175,"column":null}},"91":{"start":{"line":164,"column":23},"end":{"line":164,"column":null}},"92":{"start":{"line":165,"column":8},"end":{"line":171,"column":null}},"93":{"start":{"line":166,"column":12},"end":{"line":166,"column":null}},"94":{"start":{"line":168,"column":12},"end":{"line":168,"column":null}},"95":{"start":{"line":170,"column":12},"end":{"line":170,"column":null}},"96":{"start":{"line":173,"column":8},"end":{"line":173,"column":null}},"97":{"start":{"line":174,"column":8},"end":{"line":174,"column":null}}},"fnMap":{"0":{"name":"(anonymous_0)","decl":{"start":{"line":14,"column":21},"end":{"line":14,"column":22}},"loc":{"start":{"line":14,"column":34},"end":{"line":29,"column":1}},"line":14},"1":{"name":"handleCallConnection","decl":{"start":{"line":31,"column":9},"end":{"line":31,"column":30}},"loc":{"start":{"line":31,"column":80},"end":{"line":54,"column":null}},"line":31},"2":{"name":"(anonymous_2)","decl":{"start":{"line":40,"column":21},"end":{"line":40,"column":22}},"loc":{"start":{"line":40,"column":42},"end":{"line":48,"column":5}},"line":40},"3":{"name":"(anonymous_3)","decl":{"start":{"line":43,"column":28},"end":{"line":43,"column":29}},"loc":{"start":{"line":43,"column":40},"end":{"line":47,"column":9}},"line":43},"4":{"name":"(anonymous_4)","decl":{"start":{"line":49,"column":19},"end":{"line":49,"column":25}},"loc":{"start":{"line":49,"column":25},"end":{"line":53,"column":5}},"line":49},"5":{"name":"handleChannelConnection","decl":{"start":{"line":56,"column":9},"end":{"line":56,"column":33}},"loc":{"start":{"line":56,"column":83},"end":{"line":73,"column":null}},"line":56},"6":{"name":"(anonymous_6)","decl":{"start":{"line":65,"column":19},"end":{"line":65,"column":25}},"loc":{"start":{"line":65,"column":25},"end":{"line":72,"column":5}},"line":65},"7":{"name":"handleNotificationConnection","decl":{"start":{"line":75,"column":9},"end":{"line":75,"column":38}},"loc":{"start":{"line":75,"column":70},"end":{"line":83,"column":null}},"line":75},"8":{"name":"(anonymous_8)","decl":{"start":{"line":79,"column":19},"end":{"line":79,"column":25}},"loc":{"start":{"line":79,"column":25},"end":{"line":82,"column":5}},"line":79},"9":{"name":"(anonymous_9)","decl":{"start":{"line":85,"column":29},"end":{"line":85,"column":30}},"loc":{"start":{"line":85,"column":51},"end":{"line":93,"column":null}},"line":85},"10":{"name":"(anonymous_10)","decl":{"start":{"line":87,"column":21},"end":{"line":87,"column":22}},"loc":{"start":{"line":87,"column":44},"end":{"line":91,"column":5}},"line":87},"11":{"name":"(anonymous_11)","decl":{"start":{"line":95,"column":32},"end":{"line":95,"column":33}},"loc":{"start":{"line":95,"column":136},"end":{"line":101,"column":null}},"line":95},"12":{"name":"(anonymous_12)","decl":{"start":{"line":96,"column":29},"end":{"line":96,"column":30}},"loc":{"start":{"line":96,"column":84},"end":{"line":100,"column":5}},"line":96},"13":{"name":"(anonymous_13)","decl":{"start":{"line":103,"column":30},"end":{"line":103,"column":31}},"loc":{"start":{"line":103,"column":72},"end":{"line":118,"column":null}},"line":103},"14":{"name":"(anonymous_14)","decl":{"start":{"line":105,"column":61},"end":{"line":105,"column":62}},"loc":{"start":{"line":106,"column":8},"end":{"line":106,"column":null}},"line":106},"15":{"name":"sendCallNotification","decl":{"start":{"line":119,"column":9},"end":{"line":119,"column":30}},"loc":{"start":{"line":119,"column":57},"end":{"line":139,"column":null}},"line":119},"16":{"name":"(anonymous_16)","decl":{"start":{"line":120,"column":61},"end":{"line":120,"column":62}},"loc":{"start":{"line":121,"column":8},"end":{"line":121,"column":null}},"line":121},"17":{"name":"sendCallResponse","decl":{"start":{"line":141,"column":9},"end":{"line":141,"column":26}},"loc":{"start":{"line":141,"column":70},"end":{"line":158,"column":null}},"line":141},"18":{"name":"(anonymous_18)","decl":{"start":{"line":142,"column":61},"end":{"line":142,"column":62}},"loc":{"start":{"line":143,"column":8},"end":{"line":143,"column":null}},"line":143},"19":{"name":"sendCallCancelation","decl":{"start":{"line":159,"column":9},"end":{"line":159,"column":29}},"loc":{"start":{"line":159,"column":55},"end":{"line":176,"column":null}},"line":159},"20":{"name":"(anonymous_20)","decl":{"start":{"line":160,"column":61},"end":{"line":160,"column":62}},"loc":{"start":{"line":161,"column":8},"end":{"line":161,"column":null}},"line":161}},"branchMap":{"0":{"loc":{"start":{"line":15,"column":24},"end":{"line":15,"column":39}},"type":"binary-expr","locations":[{"start":{"line":15,"column":24},"end":{"line":15,"column":35}},{"start":{"line":15,"column":35},"end":{"line":15,"column":39}}],"line":15},"1":{"loc":{"start":{"line":22,"column":4},"end":{"line":28,"column":null}},"type":"if","locations":[{"start":{"line":22,"column":4},"end":{"line":28,"column":null}},{"start":{"line":24,"column":4},"end":{"line":28,"column":null}}],"line":22},"2":{"loc":{"start":{"line":24,"column":4},"end":{"line":28,"column":null}},"type":"if","locations":[{"start":{"line":24,"column":4},"end":{"line":28,"column":null}},{"start":{"line":26,"column":9},"end":{"line":28,"column":null}}],"line":24},"3":{"loc":{"start":{"line":24,"column":13},"end":{"line":24,"column":34}},"type":"binary-expr","locations":[{"start":{"line":24,"column":13},"end":{"line":24,"column":25}},{"start":{"line":24,"column":25},"end":{"line":24,"column":34}}],"line":24},"4":{"loc":{"start":{"line":32,"column":4},"end":{"line":34,"column":null}},"type":"if","locations":[{"start":{"line":32,"column":4},"end":{"line":34,"column":null}},{"start":{},"end":{}}],"line":32},"5":{"loc":{"start":{"line":44,"column":12},"end":{"line":46,"column":null}},"type":"if","locations":[{"start":{"line":44,"column":12},"end":{"line":46,"column":null}},{"start":{},"end":{}}],"line":44},"6":{"loc":{"start":{"line":44,"column":16},"end":{"line":44,"column":71}},"type":"binary-expr","locations":[{"start":{"line":44,"column":16},"end":{"line":44,"column":33}},{"start":{"line":44,"column":33},"end":{"line":44,"column":71}}],"line":44},"7":{"loc":{"start":{"line":57,"column":4},"end":{"line":59,"column":null}},"type":"if","locations":[{"start":{"line":57,"column":4},"end":{"line":59,"column":null}},{"start":{},"end":{}}],"line":57},"8":{"loc":{"start":{"line":68,"column":8},"end":{"line":71,"column":null}},"type":"if","locations":[{"start":{"line":68,"column":8},"end":{"line":71,"column":null}},{"start":{},"end":{}}],"line":68},"9":{"loc":{"start":{"line":88,"column":8},"end":{"line":90,"column":null}},"type":"if","locations":[{"start":{"line":88,"column":8},"end":{"line":90,"column":null}},{"start":{},"end":{}}],"line":88},"10":{"loc":{"start":{"line":97,"column":8},"end":{"line":99,"column":null}},"type":"if","locations":[{"start":{"line":97,"column":8},"end":{"line":99,"column":null}},{"start":{},"end":{}}],"line":97},"11":{"loc":{"start":{"line":97,"column":12},"end":{"line":97,"column":96}},"type":"binary-expr","locations":[{"start":{"line":97,"column":12},"end":{"line":97,"column":35}},{"start":{"line":97,"column":35},"end":{"line":97,"column":67}},{"start":{"line":97,"column":67},"end":{"line":97,"column":96}}],"line":97},"12":{"loc":{"start":{"line":106,"column":8},"end":{"line":106,"column":null}},"type":"binary-expr","locations":[{"start":{"line":106,"column":8},"end":{"line":106,"column":44}},{"start":{"line":106,"column":44},"end":{"line":106,"column":null}}],"line":106},"13":{"loc":{"start":{"line":108,"column":4},"end":{"line":117,"column":null}},"type":"if","locations":[{"start":{"line":108,"column":4},"end":{"line":117,"column":null}},{"start":{"line":115,"column":11},"end":{"line":117,"column":null}}],"line":108},"14":{"loc":{"start":{"line":121,"column":8},"end":{"line":121,"column":null}},"type":"binary-expr","locations":[{"start":{"line":121,"column":8},"end":{"line":121,"column":44}},{"start":{"line":121,"column":44},"end":{"line":121,"column":null}}],"line":121},"15":{"loc":{"start":{"line":123,"column":4},"end":{"line":125,"column":null}},"type":"if","locations":[{"start":{"line":123,"column":4},"end":{"line":125,"column":null}},{"start":{},"end":{}}],"line":123},"16":{"loc":{"start":{"line":126,"column":4},"end":{"line":138,"column":null}},"type":"if","locations":[{"start":{"line":126,"column":4},"end":{"line":138,"column":null}},{"start":{"line":135,"column":11},"end":{"line":138,"column":null}}],"line":126},"17":{"loc":{"start":{"line":143,"column":8},"end":{"line":143,"column":null}},"type":"binary-expr","locations":[{"start":{"line":143,"column":8},"end":{"line":143,"column":44}},{"start":{"line":143,"column":44},"end":{"line":143,"column":null}}],"line":143},"18":{"loc":{"start":{"line":145,"column":4},"end":{"line":157,"column":null}},"type":"if","locations":[{"start":{"line":145,"column":4},"end":{"line":157,"column":null}},{"start":{"line":154,"column":11},"end":{"line":157,"column":null}}],"line":145},"19":{"loc":{"start":{"line":161,"column":8},"end":{"line":161,"column":null}},"type":"binary-expr","locations":[{"start":{"line":161,"column":8},"end":{"line":161,"column":44}},{"start":{"line":161,"column":44},"end":{"line":161,"column":null}}],"line":161},"20":{"loc":{"start":{"line":163,"column":4},"end":{"line":175,"column":null}},"type":"if","locations":[{"start":{"line":163,"column":4},"end":{"line":175,"column":null}},{"start":{"line":172,"column":11},"end":{"line":175,"column":null}}],"line":163}},"s":{"0":1,"1":1,"2":1,"3":1,"4":1,"5":1,"6":9,"7":9,"8":9,"9":9,"10":9,"11":9,"12":3,"13":6,"14":2,"15":4,"16":2,"17":1,"18":2,"19":2,"20":2,"21":2,"22":2,"23":2,"24":1,"25":1,"26":2,"27":1,"28":2,"29":0,"30":0,"31":0,"32":3,"33":2,"34":3,"35":3,"36":3,"37":3,"38":1,"39":1,"40":1,"41":1,"42":1,"43":4,"44":4,"45":4,"46":0,"47":0,"48":1,"49":1,"50":1,"51":2,"52":2,"53":1,"54":1,"55":3,"56":1,"57":1,"58":1,"59":1,"60":1,"61":1,"62":1,"63":1,"64":0,"65":0,"66":3,"67":12,"68":3,"69":1,"70":2,"71":1,"72":1,"73":1,"74":0,"75":1,"76":1,"77":1,"78":1,"79":4,"80":1,"81":1,"82":1,"83":1,"84":0,"85":1,"86":0,"87":0,"88":1,"89":4,"90":1,"91":1,"92":1,"93":1,"94":0,"95":1,"96":0,"97":0},"f":{"0":9,"1":2,"2":1,"3":2,"4":0,"5":3,"6":1,"7":4,"8":0,"9":1,"10":2,"11":1,"12":3,"13":1,"14":1,"15":3,"16":12,"17":1,"18":4,"19":1,"20":4},"b":{"0":[9,0],"1":[3,6],"2":[2,4],"3":[6,2],"4":[1,1],"5":[1,1],"6":[2,1],"7":[2,1],"8":[1,0],"9":[2,0],"10":[1,2],"11":[3,3,2],"12":[1,1],"13":[1,0],"14":[12,12],"15":[1,2],"16":[1,1],"17":[4,4],"18":[1,0],"19":[4,4],"20":[1,0]},"meta":{"lastBranch":21,"lastFunction":21,"lastStatement":98,"seen":{"s:5:12:5:Infinity":0,"s:7:25:7:Infinity":1,"s:8:25:8:Infinity":2,"s:10:20:10:Infinity":3,"s:11:18:11:Infinity":4,"s:14:0:29:Infinity":5,"f:14:21:14:22":0,"s:15:16:15:Infinity":6,"b:15:24:15:35:15:35:15:39":0,"s:16:19:16:Infinity":7,"s:17:22:17:Infinity":8,"s:18:21:18:Infinity":9,"s:19:21:19:Infinity":10,"b:22:4:28:Infinity:24:4:28:Infinity":1,"s:22:4:28:Infinity":11,"s:23:8:23:Infinity":12,"b:24:4:28:Infinity:26:9:28:Infinity":2,"s:24:4:28:Infinity":13,"b:24:13:24:25:24:25:24:34":3,"s:25:8:25:Infinity":14,"s:27:8:27:Infinity":15,"f:31:9:31:30":1,"b:32:4:34:Infinity:undefined:undefined:undefined:undefined":4,"s:32:4:34:Infinity":16,"s:33:8:33:Infinity":17,"s:35:24:35:Infinity":18,"s:36:4:36:Infinity":19,"s:37:4:37:Infinity":20,"s:38:4:38:Infinity":21,"s:39:4:39:Infinity":22,"s:40:4:48:Infinity":23,"f:40:21:40:22":2,"s:41:30:41:Infinity":24,"s:43:8:47:Infinity":25,"f:43:28:43:29":3,"b:44:12:46:Infinity:undefined:undefined:undefined:undefined":5,"s:44:12:46:Infinity":26,"b:44:16:44:33:44:33:44:71":6,"s:45:12:45:Infinity":27,"s:49:4:53:Infinity":28,"f:49:19:49:25":4,"s:50:8:50:Infinity":29,"s:51:8:51:Infinity":30,"s:52:8:52:Infinity":31,"f:56:9:56:33":5,"b:57:4:59:Infinity:undefined:undefined:undefined:undefined":7,"s:57:4:59:Infinity":32,"s:58:8:58:Infinity":33,"s:61:27:61:Infinity":34,"s:62:4:62:Infinity":35,"s:63:4:63:Infinity":36,"s:65:4:72:Infinity":37,"f:65:19:65:25":6,"s:66:8:66:Infinity":38,"s:67:8:67:Infinity":39,"b:68:8:71:Infinity:undefined:undefined:undefined:undefined":8,"s:68:8:71:Infinity":40,"s:69:12:69:Infinity":41,"s:70:12:70:Infinity":42,"f:75:9:75:38":7,"s:76:4:76:Infinity":43,"s:77:4:77:Infinity":44,"s:79:4:82:Infinity":45,"f:79:19:79:25":8,"s:80:8:80:Infinity":46,"s:81:8:81:Infinity":47,"s:85:29:93:Infinity":48,"f:85:29:85:30":9,"s:86:20:86:Infinity":49,"s:87:4:91:Infinity":50,"f:87:21:87:22":10,"b:88:8:90:Infinity:undefined:undefined:undefined:undefined":9,"s:88:8:90:Infinity":51,"s:89:12:89:Infinity":52,"s:95:32:101:Infinity":53,"f:95:32:95:33":11,"s:96:4:100:Infinity":54,"f:96:29:96:30":12,"b:97:8:99:Infinity:undefined:undefined:undefined:undefined":10,"s:97:8:99:Infinity":55,"b:97:12:97:35:97:35:97:67:97:67:97:96":11,"s:98:12:98:Infinity":56,"s:103:30:118:Infinity":57,"f:103:30:103:31":13,"s:105:27:107:Infinity":58,"f:105:61:105:62":14,"s:106:8:106:Infinity":59,"b:106:8:106:44:106:44:106:Infinity":12,"b:108:4:117:Infinity:115:11:117:Infinity":13,"s:108:4:117:Infinity":60,"s:109:23:109:Infinity":61,"s:110:8:114:Infinity":62,"s:111:12:111:Infinity":63,"s:113:12:113:Infinity":64,"s:116:8:116:Infinity":65,"f:119:9:119:30":15,"s:120:27:122:Infinity":66,"f:120:61:120:62":16,"s:121:8:121:Infinity":67,"b:121:8:121:44:121:44:121:Infinity":14,"b:123:4:125:Infinity:undefined:undefined:undefined:undefined":15,"s:123:4:125:Infinity":68,"s:124:8:124:Infinity":69,"b:126:4:138:Infinity:135:11:138:Infinity":16,"s:126:4:138:Infinity":70,"s:127:23:127:Infinity":71,"s:128:8:134:Infinity":72,"s:129:12:129:Infinity":73,"s:131:12:131:Infinity":74,"s:133:12:133:Infinity":75,"s:136:8:136:Infinity":76,"s:137:8:137:Infinity":77,"f:141:9:141:26":17,"s:142:27:144:Infinity":78,"f:142:61:142:62":18,"s:143:8:143:Infinity":79,"b:143:8:143:44:143:44:143:Infinity":17,"b:145:4:157:Infinity:154:11:157:Infinity":18,"s:145:4:157:Infinity":80,"s:146:23:146:Infinity":81,"s:147:8:153:Infinity":82,"s:148:12:148:Infinity":83,"s:150:12:150:Infinity":84,"s:152:12:152:Infinity":85,"s:155:8:155:Infinity":86,"s:156:8:156:Infinity":87,"f:159:9:159:29":19,"s:160:27:162:Infinity":88,"f:160:61:160:62":20,"s:161:8:161:Infinity":89,"b:161:8:161:44:161:44:161:Infinity":19,"b:163:4:175:Infinity:172:11:175:Infinity":20,"s:163:4:175:Infinity":90,"s:164:23:164:Infinity":91,"s:165:8:171:Infinity":92,"s:166:12:166:Infinity":93,"s:168:12:168:Infinity":94,"s:170:12:170:Infinity":95,"s:173:8:173:Infinity":96,"s:174:8:174:Infinity":97}}}
,"D:\\Repos\\Dialogo\\server\\api\\upload.ts": {"path":"D:\\Repos\\Dialogo\\server\\api\\upload.ts","statementMap":{"0":{"start":{"line":6,"column":4},"end":{"line":35,"column":null}},"1":{"start":{"line":7,"column":25},"end":{"line":7,"column":null}},"2":{"start":{"line":8,"column":8},"end":{"line":10,"column":null}},"3":{"start":{"line":9,"column":12},"end":{"line":9,"column":null}},"4":{"start":{"line":12,"column":21},"end":{"line":12,"column":null}},"5":{"start":{"line":13,"column":24},"end":{"line":13,"column":null}},"6":{"start":{"line":14,"column":25},"end":{"line":14,"column":null}},"7":{"start":{"line":15,"column":26},"end":{"line":15,"column":null}},"8":{"start":{"line":16,"column":25},"end":{"line":16,"column":null}},"9":{"start":{"line":18,"column":8},"end":{"line":22,"column":null}},"10":{"start":{"line":19,"column":12},"end":{"line":19,"column":null}},"11":{"start":{"line":24,"column":8},"end":{"line":24,"column":null}},"12":{"start":{"line":26,"column":8},"end":{"line":29,"column":null}},"13":{"start":{"line":31,"column":8},"end":{"line":34,"column":null}}},"fnMap":{"0":{"name":"(anonymous_0)","decl":{"start":{"line":5,"column":34},"end":{"line":5,"column":41}},"loc":{"start":{"line":5,"column":51},"end":{"line":36,"column":1}},"line":5}},"branchMap":{"0":{"loc":{"start":{"line":8,"column":8},"end":{"line":10,"column":null}},"type":"if","locations":[{"start":{"line":8,"column":8},"end":{"line":10,"column":null}},{"start":{},"end":{}}],"line":8},"1":{"loc":{"start":{"line":8,"column":12},"end":{"line":8,"column":39}},"type":"binary-expr","locations":[{"start":{"line":8,"column":12},"end":{"line":8,"column":25}},{"start":{"line":8,"column":25},"end":{"line":8,"column":39}}],"line":8},"2":{"loc":{"start":{"line":13,"column":37},"end":{"line":13,"column":56}},"type":"binary-expr","locations":[{"start":{"line":13,"column":37},"end":{"line":13,"column":54}},{"start":{"line":13,"column":54},"end":{"line":13,"column":56}}],"line":13}},"s":{"0":2,"1":2,"2":2,"3":1,"4":1,"5":1,"6":2,"7":2,"8":2,"9":2,"10":2,"11":1,"12":1,"13":1},"f":{"0":2},"b":{"0":[1,1],"1":[2,1],"2":[1,0]},"meta":{"lastBranch":3,"lastFunction":1,"lastStatement":14,"seen":{"f:5:34:5:41":0,"s:6:4:35:Infinity":0,"s:7:25:7:Infinity":1,"b:8:8:10:Infinity:undefined:undefined:undefined:undefined":0,"s:8:8:10:Infinity":2,"b:8:12:8:25:8:25:8:39":1,"s:9:12:9:Infinity":3,"s:12:21:12:Infinity":4,"s:13:24:13:Infinity":5,"b:13:37:13:54:13:54:13:56":2,"s:14:25:14:Infinity":6,"s:15:26:15:Infinity":7,"s:16:25:16:Infinity":8,"s:18:8:22:Infinity":9,"s:19:12:19:Infinity":10,"s:24:8:24:Infinity":11,"s:26:8:29:Infinity":12,"s:31:8:34:Infinity":13}}}
,"D:\\Repos\\Dialogo\\server\\api\\uploadAvatar.ts": {"path":"D:\\Repos\\Dialogo\\server\\api\\uploadAvatar.ts","statementMap":{"0":{"start":{"line":7,"column":4},"end":{"line":39,"column":null}},"1":{"start":{"line":8,"column":25},"end":{"line":8,"column":null}},"2":{"start":{"line":9,"column":8},"end":{"line":11,"column":null}},"3":{"start":{"line":10,"column":12},"end":{"line":10,"column":null}},"4":{"start":{"line":12,"column":21},"end":{"line":12,"column":null}},"5":{"start":{"line":14,"column":24},"end":{"line":14,"column":null}},"6":{"start":{"line":15,"column":25},"end":{"line":15,"column":null}},"7":{"start":{"line":16,"column":26},"end":{"line":16,"column":null}},"8":{"start":{"line":17,"column":25},"end":{"line":17,"column":null}},"9":{"start":{"line":19,"column":8},"end":{"line":23,"column":null}},"10":{"start":{"line":20,"column":12},"end":{"line":20,"column":null}},"11":{"start":{"line":25,"column":8},"end":{"line":25,"column":null}},"12":{"start":{"line":29,"column":8},"end":{"line":32,"column":null}},"13":{"start":{"line":35,"column":8},"end":{"line":38,"column":null}}},"fnMap":{"0":{"name":"(anonymous_0)","decl":{"start":{"line":6,"column":34},"end":{"line":6,"column":41}},"loc":{"start":{"line":6,"column":51},"end":{"line":40,"column":1}},"line":6}},"branchMap":{"0":{"loc":{"start":{"line":9,"column":8},"end":{"line":11,"column":null}},"type":"if","locations":[{"start":{"line":9,"column":8},"end":{"line":11,"column":null}},{"start":{},"end":{}}],"line":9},"1":{"loc":{"start":{"line":9,"column":12},"end":{"line":9,"column":39}},"type":"binary-expr","locations":[{"start":{"line":9,"column":12},"end":{"line":9,"column":25}},{"start":{"line":9,"column":25},"end":{"line":9,"column":39}}],"line":9},"2":{"loc":{"start":{"line":14,"column":37},"end":{"line":14,"column":56}},"type":"binary-expr","locations":[{"start":{"line":14,"column":37},"end":{"line":14,"column":54}},{"start":{"line":14,"column":54},"end":{"line":14,"column":56}}],"line":14},"3":{"loc":{"start":{"line":36,"column":24},"end":{"line":36,"column":null}},"type":"binary-expr","locations":[{"start":{"line":36,"column":24},"end":{"line":36,"column":44}},{"start":{"line":36,"column":44},"end":{"line":36,"column":null}}],"line":36},"4":{"loc":{"start":{"line":37,"column":27},"end":{"line":37,"column":null}},"type":"binary-expr","locations":[{"start":{"line":37,"column":27},"end":{"line":37,"column":50}},{"start":{"line":37,"column":50},"end":{"line":37,"column":null}}],"line":37}},"s":{"0":2,"1":2,"2":2,"3":1,"4":1,"5":1,"6":2,"7":2,"8":2,"9":2,"10":2,"11":1,"12":1,"13":1},"f":{"0":2},"b":{"0":[1,1],"1":[2,1],"2":[1,0],"3":[1,1],"4":[1,1]},"meta":{"lastBranch":5,"lastFunction":1,"lastStatement":14,"seen":{"f:6:34:6:41":0,"s:7:4:39:Infinity":0,"s:8:25:8:Infinity":1,"b:9:8:11:Infinity:undefined:undefined:undefined:undefined":0,"s:9:8:11:Infinity":2,"b:9:12:9:25:9:25:9:39":1,"s:10:12:10:Infinity":3,"s:12:21:12:Infinity":4,"s:14:24:14:Infinity":5,"b:14:37:14:54:14:54:14:56":2,"s:15:25:15:Infinity":6,"s:16:26:16:Infinity":7,"s:17:25:17:Infinity":8,"s:19:8:23:Infinity":9,"s:20:12:20:Infinity":10,"s:25:8:25:Infinity":11,"s:29:8:32:Infinity":12,"s:35:8:38:Infinity":13,"b:36:24:36:44:36:44:36:Infinity":3,"b:37:27:37:50:37:50:37:Infinity":4}}}
,"D:\\Repos\\Dialogo\\server\\api\\auth\\login.ts": {"path":"D:\\Repos\\Dialogo\\server\\api\\auth\\login.ts","statementMap":{"0":{"start":{"line":5,"column":2},"end":{"line":35,"column":null}},"1":{"start":{"line":6,"column":17},"end":{"line":6,"column":null}},"2":{"start":{"line":7,"column":21},"end":{"line":7,"column":null}},"3":{"start":{"line":9,"column":17},"end":{"line":9,"column":null}},"4":{"start":{"line":10,"column":25},"end":{"line":10,"column":null}},"5":{"start":{"line":12,"column":17},"end":{"line":12,"column":null}},"6":{"start":{"line":12,"column":36},"end":{"line":12,"column":67}},"7":{"start":{"line":13,"column":4},"end":{"line":15,"column":null}},"8":{"start":{"line":14,"column":6},"end":{"line":14,"column":null}},"9":{"start":{"line":17,"column":29},"end":{"line":19,"column":null}},"10":{"start":{"line":21,"column":4},"end":{"line":23,"column":null}},"11":{"start":{"line":25,"column":4},"end":{"line":28,"column":null}},"12":{"start":{"line":31,"column":4},"end":{"line":34,"column":null}}},"fnMap":{"0":{"name":"(anonymous_0)","decl":{"start":{"line":4,"column":34},"end":{"line":4,"column":41}},"loc":{"start":{"line":4,"column":51},"end":{"line":36,"column":1}},"line":4},"1":{"name":"(anonymous_1)","decl":{"start":{"line":12,"column":28},"end":{"line":12,"column":36}},"loc":{"start":{"line":12,"column":36},"end":{"line":12,"column":67}},"line":12}},"branchMap":{"0":{"loc":{"start":{"line":13,"column":4},"end":{"line":15,"column":null}},"type":"if","locations":[{"start":{"line":13,"column":4},"end":{"line":15,"column":null}},{"start":{},"end":{}}],"line":13},"1":{"loc":{"start":{"line":13,"column":8},"end":{"line":13,"column":52}},"type":"binary-expr","locations":[{"start":{"line":13,"column":8},"end":{"line":13,"column":18}},{"start":{"line":13,"column":18},"end":{"line":13,"column":52}}],"line":13}},"s":{"0":3,"1":3,"2":3,"3":3,"4":2,"5":2,"6":2,"7":2,"8":1,"9":1,"10":1,"11":1,"12":1},"f":{"0":3,"1":2},"b":{"0":[1,1],"1":[2,1]},"meta":{"lastBranch":2,"lastFunction":2,"lastStatement":13,"seen":{"f:4:34:4:41":0,"s:5:2:35:Infinity":0,"s:6:17:6:Infinity":1,"s:7:21:7:Infinity":2,"s:9:17:9:Infinity":3,"s:10:25:10:Infinity":4,"s:12:17:12:Infinity":5,"f:12:28:12:36":1,"s:12:36:12:67":6,"b:13:4:15:Infinity:undefined:undefined:undefined:undefined":0,"s:13:4:15:Infinity":7,"b:13:8:13:18:13:18:13:52":1,"s:14:6:14:Infinity":8,"s:17:29:19:Infinity":9,"s:21:4:23:Infinity":10,"s:25:4:28:Infinity":11,"s:31:4:34:Infinity":12}}}
,"D:\\Repos\\Dialogo\\server\\api\\auth\\logout.ts": {"path":"D:\\Repos\\Dialogo\\server\\api\\auth\\logout.ts","statementMap":{"0":{"start":{"line":2,"column":2},"end":{"line":17,"column":null}},"1":{"start":{"line":3,"column":4},"end":{"line":5,"column":null}},"2":{"start":{"line":7,"column":4},"end":{"line":10,"column":null}},"3":{"start":{"line":13,"column":4},"end":{"line":16,"column":null}}},"fnMap":{"0":{"name":"(anonymous_0)","decl":{"start":{"line":1,"column":34},"end":{"line":1,"column":41}},"loc":{"start":{"line":1,"column":51},"end":{"line":18,"column":1}},"line":1}},"branchMap":{},"s":{"0":1,"1":1,"2":1,"3":0},"f":{"0":1},"b":{},"meta":{"lastBranch":0,"lastFunction":1,"lastStatement":4,"seen":{"f:1:34:1:41":0,"s:2:2:17:Infinity":0,"s:3:4:5:Infinity":1,"s:7:4:10:Infinity":2,"s:13:4:16:Infinity":3}}}
,"D:\\Repos\\Dialogo\\server\\api\\auth\\register.ts": {"path":"D:\\Repos\\Dialogo\\server\\api\\auth\\register.ts","statementMap":{"0":{"start":{"line":5,"column":2},"end":{"line":37,"column":null}},"1":{"start":{"line":6,"column":17},"end":{"line":6,"column":null}},"2":{"start":{"line":7,"column":21},"end":{"line":7,"column":null}},"3":{"start":{"line":9,"column":17},"end":{"line":9,"column":null}},"4":{"start":{"line":10,"column":26},"end":{"line":10,"column":null}},"5":{"start":{"line":12,"column":25},"end":{"line":12,"column":null}},"6":{"start":{"line":12,"column":44},"end":{"line":12,"column":75}},"7":{"start":{"line":13,"column":4},"end":{"line":15,"column":null}},"8":{"start":{"line":14,"column":6},"end":{"line":14,"column":null}},"9":{"start":{"line":17,"column":26},"end":{"line":22,"column":null}},"10":{"start":{"line":23,"column":4},"end":{"line":23,"column":null}},"11":{"start":{"line":25,"column":4},"end":{"line":25,"column":null}},"12":{"start":{"line":27,"column":4},"end":{"line":30,"column":null}},"13":{"start":{"line":33,"column":4},"end":{"line":36,"column":null}}},"fnMap":{"0":{"name":"(anonymous_0)","decl":{"start":{"line":4,"column":34},"end":{"line":4,"column":41}},"loc":{"start":{"line":4,"column":51},"end":{"line":38,"column":1}},"line":4},"1":{"name":"(anonymous_1)","decl":{"start":{"line":12,"column":36},"end":{"line":12,"column":44}},"loc":{"start":{"line":12,"column":44},"end":{"line":12,"column":75}},"line":12}},"branchMap":{"0":{"loc":{"start":{"line":13,"column":4},"end":{"line":15,"column":null}},"type":"if","locations":[{"start":{"line":13,"column":4},"end":{"line":15,"column":null}},{"start":{},"end":{}}],"line":13}},"s":{"0":3,"1":3,"2":3,"3":3,"4":2,"5":2,"6":2,"7":2,"8":1,"9":1,"10":1,"11":1,"12":1,"13":1},"f":{"0":3,"1":2},"b":{"0":[1,1]},"meta":{"lastBranch":1,"lastFunction":2,"lastStatement":14,"seen":{"f:4:34:4:41":0,"s:5:2:37:Infinity":0,"s:6:17:6:Infinity":1,"s:7:21:7:Infinity":2,"s:9:17:9:Infinity":3,"s:10:26:10:Infinity":4,"s:12:25:12:Infinity":5,"f:12:36:12:44":1,"s:12:44:12:75":6,"b:13:4:15:Infinity:undefined:undefined:undefined:undefined":0,"s:13:4:15:Infinity":7,"s:14:6:14:Infinity":8,"s:17:26:22:Infinity":9,"s:23:4:23:Infinity":10,"s:25:4:25:Infinity":11,"s:27:4:30:Infinity":12,"s:33:4:36:Infinity":13}}}
,"D:\\Repos\\Dialogo\\server\\api\\channels\\[id].get.ts": {"path":"D:\\Repos\\Dialogo\\server\\api\\channels\\[id].get.ts","statementMap":{"0":{"start":{"line":4,"column":4},"end":{"line":22,"column":null}},"1":{"start":{"line":5,"column":21},"end":{"line":5,"column":null}},"2":{"start":{"line":6,"column":25},"end":{"line":6,"column":null}},"3":{"start":{"line":8,"column":25},"end":{"line":8,"column":null}},"4":{"start":{"line":10,"column":33},"end":{"line":12,"column":null}},"5":{"start":{"line":11,"column":47},"end":{"line":11,"column":null}},"6":{"start":{"line":14,"column":8},"end":{"line":16,"column":null}},"7":{"start":{"line":15,"column":12},"end":{"line":15,"column":null}},"8":{"start":{"line":18,"column":8},"end":{"line":18,"column":null}},"9":{"start":{"line":20,"column":8},"end":{"line":20,"column":null}},"10":{"start":{"line":21,"column":8},"end":{"line":21,"column":null}}},"fnMap":{"0":{"name":"(anonymous_0)","decl":{"start":{"line":3,"column":34},"end":{"line":3,"column":41}},"loc":{"start":{"line":3,"column":51},"end":{"line":23,"column":1}},"line":3},"1":{"name":"(anonymous_1)","decl":{"start":{"line":11,"column":12},"end":{"line":11,"column":13}},"loc":{"start":{"line":11,"column":47},"end":{"line":11,"column":null}},"line":11}},"branchMap":{"0":{"loc":{"start":{"line":14,"column":8},"end":{"line":16,"column":null}},"type":"if","locations":[{"start":{"line":14,"column":8},"end":{"line":16,"column":null}},{"start":{},"end":{}}],"line":14}},"s":{"0":3,"1":3,"2":2,"3":2,"4":3,"5":4,"6":3,"7":1,"8":1,"9":1,"10":1},"f":{"0":3,"1":4},"b":{"0":[1,2]},"meta":{"lastBranch":1,"lastFunction":2,"lastStatement":11,"seen":{"f:3:34:3:41":0,"s:4:4:22:Infinity":0,"s:5:21:5:Infinity":1,"s:6:25:6:Infinity":2,"s:8:25:8:Infinity":3,"s:10:33:12:Infinity":4,"f:11:12:11:13":1,"s:11:47:11:Infinity":5,"b:14:8:16:Infinity:undefined:undefined:undefined:undefined":0,"s:14:8:16:Infinity":6,"s:15:12:15:Infinity":7,"s:18:8:18:Infinity":8,"s:20:8:20:Infinity":9,"s:21:8:21:Infinity":10}}}
,"D:\\Repos\\Dialogo\\server\\api\\channels\\add.ts": {"path":"D:\\Repos\\Dialogo\\server\\api\\channels\\add.ts","statementMap":{"0":{"start":{"line":4,"column":4},"end":{"line":23,"column":null}},"1":{"start":{"line":5,"column":21},"end":{"line":5,"column":null}},"2":{"start":{"line":7,"column":21},"end":{"line":7,"column":null}},"3":{"start":{"line":8,"column":25},"end":{"line":8,"column":null}},"4":{"start":{"line":10,"column":8},"end":{"line":15,"column":null}},"5":{"start":{"line":17,"column":8},"end":{"line":17,"column":null}},"6":{"start":{"line":19,"column":8},"end":{"line":19,"column":null}},"7":{"start":{"line":21,"column":8},"end":{"line":21,"column":null}},"8":{"start":{"line":22,"column":8},"end":{"line":22,"column":null}}},"fnMap":{"0":{"name":"(anonymous_0)","decl":{"start":{"line":3,"column":34},"end":{"line":3,"column":41}},"loc":{"start":{"line":3,"column":51},"end":{"line":24,"column":1}},"line":3}},"branchMap":{},"s":{"0":2,"1":2,"2":2,"3":1,"4":1,"5":1,"6":1,"7":1,"8":1},"f":{"0":2},"b":{},"meta":{"lastBranch":0,"lastFunction":1,"lastStatement":9,"seen":{"f:3:34:3:41":0,"s:4:4:23:Infinity":0,"s:5:21:5:Infinity":1,"s:7:21:7:Infinity":2,"s:8:25:8:Infinity":3,"s:10:8:15:Infinity":4,"s:17:8:17:Infinity":5,"s:19:8:19:Infinity":6,"s:21:8:21:Infinity":7,"s:22:8:22:Infinity":8}}}
,"D:\\Repos\\Dialogo\\server\\api\\channels\\get.ts": {"path":"D:\\Repos\\Dialogo\\server\\api\\channels\\get.ts","statementMap":{"0":{"start":{"line":4,"column":4},"end":{"line":11,"column":null}},"1":{"start":{"line":5,"column":21},"end":{"line":5,"column":null}},"2":{"start":{"line":6,"column":8},"end":{"line":6,"column":null}},"3":{"start":{"line":9,"column":8},"end":{"line":9,"column":null}},"4":{"start":{"line":10,"column":8},"end":{"line":10,"column":null}}},"fnMap":{"0":{"name":"(anonymous_0)","decl":{"start":{"line":3,"column":34},"end":{"line":3,"column":46}},"loc":{"start":{"line":3,"column":46},"end":{"line":12,"column":1}},"line":3}},"branchMap":{},"s":{"0":2,"1":2,"2":1,"3":1,"4":1},"f":{"0":2},"b":{},"meta":{"lastBranch":0,"lastFunction":1,"lastStatement":5,"seen":{"f:3:34:3:46":0,"s:4:4:11:Infinity":0,"s:5:21:5:Infinity":1,"s:6:8:6:Infinity":2,"s:9:8:9:Infinity":3,"s:10:8:10:Infinity":4}}}
,"D:\\Repos\\Dialogo\\server\\api\\channels\\[channelId]\\delete.ts": {"path":"D:\\Repos\\Dialogo\\server\\api\\channels\\[channelId]\\delete.ts","statementMap":{"0":{"start":{"line":12,"column":42},"end":{"line":12,"column":null}},"1":{"start":{"line":13,"column":4},"end":{"line":18,"column":null}},"2":{"start":{"line":14,"column":8},"end":{"line":17,"column":null}},"3":{"start":{"line":20,"column":4},"end":{"line":44,"column":null}},"4":{"start":{"line":22,"column":8},"end":{"line":26,"column":null}},"5":{"start":{"line":23,"column":12},"end":{"line":23,"column":null}},"6":{"start":{"line":25,"column":12},"end":{"line":25,"column":null}},"7":{"start":{"line":29,"column":29},"end":{"line":29,"column":null}},"8":{"start":{"line":30,"column":29},"end":{"line":30,"column":null}},"9":{"start":{"line":31,"column":36},"end":{"line":31,"column":null}},"10":{"start":{"line":32,"column":32},"end":{"line":32,"column":null}},"11":{"start":{"line":32,"column":70},"end":{"line":32,"column":94}},"12":{"start":{"line":33,"column":8},"end":{"line":33,"column":null}},"13":{"start":{"line":35,"column":8},"end":{"line":38,"column":null}},"14":{"start":{"line":40,"column":8},"end":{"line":43,"column":null}}},"fnMap":{"0":{"name":"(anonymous_0)","decl":{"start":{"line":11,"column":34},"end":{"line":11,"column":41}},"loc":{"start":{"line":11,"column":51},"end":{"line":45,"column":1}},"line":11},"1":{"name":"(anonymous_1)","decl":{"start":{"line":32,"column":48},"end":{"line":32,"column":49}},"loc":{"start":{"line":32,"column":70},"end":{"line":32,"column":94}},"line":32}},"branchMap":{"0":{"loc":{"start":{"line":13,"column":4},"end":{"line":18,"column":null}},"type":"if","locations":[{"start":{"line":13,"column":4},"end":{"line":18,"column":null}},{"start":{},"end":{}}],"line":13}},"s":{"0":4,"1":4,"2":1,"3":3,"4":3,"5":3,"6":0,"7":3,"8":3,"9":2,"10":2,"11":3,"12":2,"13":2,"14":1},"f":{"0":4,"1":3},"b":{"0":[1,3]},"meta":{"lastBranch":1,"lastFunction":2,"lastStatement":15,"seen":{"f:11:34:11:41":0,"s:12:42:12:Infinity":0,"b:13:4:18:Infinity:undefined:undefined:undefined:undefined":0,"s:13:4:18:Infinity":1,"s:14:8:17:Infinity":2,"s:20:4:44:Infinity":3,"s:22:8:26:Infinity":4,"s:23:12:23:Infinity":5,"s:25:12:25:Infinity":6,"s:29:29:29:Infinity":7,"s:30:29:30:Infinity":8,"s:31:36:31:Infinity":9,"s:32:32:32:Infinity":10,"f:32:48:32:49":1,"s:32:70:32:94":11,"s:33:8:33:Infinity":12,"s:35:8:38:Infinity":13,"s:40:8:43:Infinity":14}}}
,"D:\\Repos\\Dialogo\\server\\api\\chats\\[id].ts": {"path":"D:\\Repos\\Dialogo\\server\\api\\chats\\[id].ts","statementMap":{"0":{"start":{"line":6,"column":4},"end":{"line":25,"column":null}},"1":{"start":{"line":7,"column":23},"end":{"line":7,"column":null}},"2":{"start":{"line":9,"column":29},"end":{"line":9,"column":77}},"3":{"start":{"line":11,"column":32},"end":{"line":11,"column":null}},"4":{"start":{"line":13,"column":8},"end":{"line":18,"column":null}},"5":{"start":{"line":14,"column":29},"end":{"line":14,"column":null}},"6":{"start":{"line":15,"column":12},"end":{"line":15,"column":null}},"7":{"start":{"line":17,"column":12},"end":{"line":17,"column":null}},"8":{"start":{"line":20,"column":26},"end":{"line":20,"column":null}},"9":{"start":{"line":20,"column":48},"end":{"line":20,"column":61}},"10":{"start":{"line":21,"column":8},"end":{"line":21,"column":null}},"11":{"start":{"line":24,"column":8},"end":{"line":24,"column":null}}},"fnMap":{"0":{"name":"(anonymous_0)","decl":{"start":{"line":5,"column":34},"end":{"line":5,"column":41}},"loc":{"start":{"line":5,"column":51},"end":{"line":26,"column":1}},"line":5},"1":{"name":"(anonymous_1)","decl":{"start":{"line":20,"column":40},"end":{"line":20,"column":48}},"loc":{"start":{"line":20,"column":48},"end":{"line":20,"column":61}},"line":20}},"branchMap":{},"s":{"0":2,"1":2,"2":2,"3":2,"4":2,"5":2,"6":1,"7":1,"8":2,"9":2,"10":2,"11":0},"f":{"0":2,"1":2},"b":{},"meta":{"lastBranch":0,"lastFunction":2,"lastStatement":12,"seen":{"f:5:34:5:41":0,"s:6:4:25:Infinity":0,"s:7:23:7:Infinity":1,"s:9:29:9:77":2,"s:11:32:11:Infinity":3,"s:13:8:18:Infinity":4,"s:14:29:14:Infinity":5,"s:15:12:15:Infinity":6,"s:17:12:17:Infinity":7,"s:20:26:20:Infinity":8,"f:20:40:20:48":1,"s:20:48:20:61":9,"s:21:8:21:Infinity":10,"s:24:8:24:Infinity":11}}}
,"D:\\Repos\\Dialogo\\server\\api\\chats\\get.ts": {"path":"D:\\Repos\\Dialogo\\server\\api\\chats\\get.ts","statementMap":{"0":{"start":{"line":6,"column":4},"end":{"line":56,"column":null}},"1":{"start":{"line":7,"column":21},"end":{"line":7,"column":null}},"2":{"start":{"line":9,"column":36},"end":{"line":9,"column":null}},"3":{"start":{"line":11,"column":27},"end":{"line":11,"column":null}},"4":{"start":{"line":12,"column":29},"end":{"line":12,"column":null}},"5":{"start":{"line":13,"column":31},"end":{"line":13,"column":null}},"6":{"start":{"line":15,"column":8},"end":{"line":19,"column":null}},"7":{"start":{"line":16,"column":12},"end":{"line":16,"column":null}},"8":{"start":{"line":18,"column":12},"end":{"line":18,"column":null}},"9":{"start":{"line":21,"column":32},"end":{"line":21,"column":null}},"10":{"start":{"line":22,"column":34},"end":{"line":22,"column":null}},"11":{"start":{"line":24,"column":8},"end":{"line":29,"column":null}},"12":{"start":{"line":25,"column":29},"end":{"line":25,"column":null}},"13":{"start":{"line":26,"column":12},"end":{"line":26,"column":null}},"14":{"start":{"line":28,"column":12},"end":{"line":28,"column":null}},"15":{"start":{"line":31,"column":8},"end":{"line":36,"column":null}},"16":{"start":{"line":32,"column":31},"end":{"line":32,"column":null}},"17":{"start":{"line":33,"column":12},"end":{"line":33,"column":null}},"18":{"start":{"line":35,"column":12},"end":{"line":35,"column":null}},"19":{"start":{"line":39,"column":29},"end":{"line":39,"column":null}},"20":{"start":{"line":39,"column":52},"end":{"line":39,"column":78}},"21":{"start":{"line":41,"column":8},"end":{"line":51,"column":null}},"22":{"start":{"line":42,"column":12},"end":{"line":42,"column":null}},"23":{"start":{"line":44,"column":12},"end":{"line":44,"column":null}},"24":{"start":{"line":45,"column":12},"end":{"line":45,"column":null}},"25":{"start":{"line":47,"column":12},"end":{"line":47,"column":null}},"26":{"start":{"line":48,"column":12},"end":{"line":48,"column":null}},"27":{"start":{"line":50,"column":12},"end":{"line":50,"column":null}},"28":{"start":{"line":53,"column":8},"end":{"line":53,"column":null}},"29":{"start":{"line":55,"column":8},"end":{"line":55,"column":null}}},"fnMap":{"0":{"name":"(anonymous_0)","decl":{"start":{"line":5,"column":34},"end":{"line":5,"column":41}},"loc":{"start":{"line":5,"column":51},"end":{"line":57,"column":1}},"line":5},"1":{"name":"(anonymous_1)","decl":{"start":{"line":39,"column":44},"end":{"line":39,"column":52}},"loc":{"start":{"line":39,"column":52},"end":{"line":39,"column":78}},"line":39}},"branchMap":{"0":{"loc":{"start":{"line":41,"column":8},"end":{"line":51,"column":null}},"type":"if","locations":[{"start":{"line":41,"column":8},"end":{"line":51,"column":null}},{"start":{"line":49,"column":15},"end":{"line":51,"column":null}}],"line":41}},"s":{"0":2,"1":2,"2":2,"3":2,"4":2,"5":2,"6":2,"7":2,"8":0,"9":2,"10":2,"11":2,"12":2,"13":1,"14":1,"15":2,"16":2,"17":0,"18":2,"19":2,"20":1,"21":2,"22":1,"23":1,"24":1,"25":1,"26":1,"27":1,"28":2,"29":0},"f":{"0":2,"1":1},"b":{"0":[1,1]},"meta":{"lastBranch":1,"lastFunction":2,"lastStatement":30,"seen":{"f:5:34:5:41":0,"s:6:4:56:Infinity":0,"s:7:21:7:Infinity":1,"s:9:36:9:Infinity":2,"s:11:27:11:Infinity":3,"s:12:29:12:Infinity":4,"s:13:31:13:Infinity":5,"s:15:8:19:Infinity":6,"s:16:12:16:Infinity":7,"s:18:12:18:Infinity":8,"s:21:32:21:Infinity":9,"s:22:34:22:Infinity":10,"s:24:8:29:Infinity":11,"s:25:29:25:Infinity":12,"s:26:12:26:Infinity":13,"s:28:12:28:Infinity":14,"s:31:8:36:Infinity":15,"s:32:31:32:Infinity":16,"s:33:12:33:Infinity":17,"s:35:12:35:Infinity":18,"s:39:29:39:Infinity":19,"f:39:44:39:52":1,"s:39:52:39:78":20,"b:41:8:51:Infinity:49:15:51:Infinity":0,"s:41:8:51:Infinity":21,"s:42:12:42:Infinity":22,"s:44:12:44:Infinity":23,"s:45:12:45:Infinity":24,"s:47:12:47:Infinity":25,"s:48:12:48:Infinity":26,"s:50:12:50:Infinity":27,"s:53:8:53:Infinity":28,"s:55:8:55:Infinity":29}}}
,"D:\\Repos\\Dialogo\\server\\api\\friends\\[id].ts": {"path":"D:\\Repos\\Dialogo\\server\\api\\friends\\[id].ts","statementMap":{"0":{"start":{"line":6,"column":4},"end":{"line":30,"column":null}},"1":{"start":{"line":7,"column":23},"end":{"line":7,"column":null}},"2":{"start":{"line":9,"column":32},"end":{"line":9,"column":null}},"3":{"start":{"line":10,"column":28},"end":{"line":10,"column":null}},"4":{"start":{"line":11,"column":36},"end":{"line":11,"column":null}},"5":{"start":{"line":13,"column":30},"end":{"line":13,"column":null}},"6":{"start":{"line":14,"column":21},"end":{"line":14,"column":null}},"7":{"start":{"line":15,"column":30},"end":{"line":15,"column":null}},"8":{"start":{"line":17,"column":38},"end":{"line":21,"column":null}},"9":{"start":{"line":17,"column":61},"end":{"line":17,"column":88}},"10":{"start":{"line":17,"column":105},"end":{"line":21,"column":10}},"11":{"start":{"line":23,"column":8},"end":{"line":23,"column":null}},"12":{"start":{"line":26,"column":8},"end":{"line":29,"column":null}}},"fnMap":{"0":{"name":"(anonymous_0)","decl":{"start":{"line":5,"column":34},"end":{"line":5,"column":41}},"loc":{"start":{"line":5,"column":51},"end":{"line":31,"column":1}},"line":5},"1":{"name":"(anonymous_1)","decl":{"start":{"line":17,"column":51},"end":{"line":17,"column":52}},"loc":{"start":{"line":17,"column":61},"end":{"line":17,"column":88}},"line":17},"2":{"name":"(anonymous_2)","decl":{"start":{"line":17,"column":94},"end":{"line":17,"column":95}},"loc":{"start":{"line":17,"column":105},"end":{"line":21,"column":10}},"line":17}},"branchMap":{},"s":{"0":2,"1":2,"2":2,"3":2,"4":1,"5":1,"6":1,"7":1,"8":1,"9":3,"10":2,"11":1,"12":1},"f":{"0":2,"1":3,"2":2},"b":{},"meta":{"lastBranch":0,"lastFunction":3,"lastStatement":13,"seen":{"f:5:34:5:41":0,"s:6:4:30:Infinity":0,"s:7:23:7:Infinity":1,"s:9:32:9:Infinity":2,"s:10:28:10:Infinity":3,"s:11:36:11:Infinity":4,"s:13:30:13:Infinity":5,"s:14:21:14:Infinity":6,"s:15:30:15:Infinity":7,"s:17:38:21:Infinity":8,"f:17:51:17:52":1,"s:17:61:17:88":9,"f:17:94:17:95":2,"s:17:105:21:10":10,"s:23:8:23:Infinity":11,"s:26:8:29:Infinity":12}}}
,"D:\\Repos\\Dialogo\\server\\api\\friends\\add.ts": {"path":"D:\\Repos\\Dialogo\\server\\api\\friends\\add.ts","statementMap":{"0":{"start":{"line":6,"column":4},"end":{"line":79,"column":null}},"1":{"start":{"line":7,"column":21},"end":{"line":7,"column":null}},"2":{"start":{"line":9,"column":39},"end":{"line":9,"column":null}},"3":{"start":{"line":11,"column":26},"end":{"line":11,"column":null}},"4":{"start":{"line":12,"column":29},"end":{"line":12,"column":null}},"5":{"start":{"line":14,"column":27},"end":{"line":14,"column":null}},"6":{"start":{"line":14,"column":46},"end":{"line":14,"column":68}},"7":{"start":{"line":16,"column":8},"end":{"line":20,"column":null}},"8":{"start":{"line":17,"column":12},"end":{"line":19,"column":null}},"9":{"start":{"line":21,"column":8},"end":{"line":25,"column":null}},"10":{"start":{"line":22,"column":12},"end":{"line":24,"column":null}},"11":{"start":{"line":27,"column":27},"end":{"line":27,"column":null}},"12":{"start":{"line":28,"column":29},"end":{"line":28,"column":null}},"13":{"start":{"line":29,"column":31},"end":{"line":29,"column":null}},"14":{"start":{"line":31,"column":8},"end":{"line":35,"column":null}},"15":{"start":{"line":32,"column":12},"end":{"line":32,"column":null}},"16":{"start":{"line":34,"column":12},"end":{"line":34,"column":null}},"17":{"start":{"line":37,"column":36},"end":{"line":37,"column":null}},"18":{"start":{"line":38,"column":38},"end":{"line":38,"column":null}},"19":{"start":{"line":41,"column":8},"end":{"line":46,"column":null}},"20":{"start":{"line":42,"column":29},"end":{"line":42,"column":null}},"21":{"start":{"line":43,"column":12},"end":{"line":43,"column":null}},"22":{"start":{"line":45,"column":12},"end":{"line":45,"column":null}},"23":{"start":{"line":48,"column":8},"end":{"line":53,"column":null}},"24":{"start":{"line":49,"column":31},"end":{"line":49,"column":null}},"25":{"start":{"line":50,"column":12},"end":{"line":50,"column":null}},"26":{"start":{"line":52,"column":12},"end":{"line":52,"column":null}},"27":{"start":{"line":55,"column":8},"end":{"line":60,"column":null}},"28":{"start":{"line":56,"column":12},"end":{"line":59,"column":null}},"29":{"start":{"line":62,"column":8},"end":{"line":62,"column":null}},"30":{"start":{"line":63,"column":8},"end":{"line":63,"column":null}},"31":{"start":{"line":65,"column":8},"end":{"line":65,"column":null}},"32":{"start":{"line":66,"column":8},"end":{"line":66,"column":null}},"33":{"start":{"line":68,"column":8},"end":{"line":76,"column":null}},"34":{"start":{"line":78,"column":8},"end":{"line":78,"column":null}}},"fnMap":{"0":{"name":"(anonymous_0)","decl":{"start":{"line":5,"column":34},"end":{"line":5,"column":41}},"loc":{"start":{"line":5,"column":51},"end":{"line":80,"column":1}},"line":5},"1":{"name":"(anonymous_1)","decl":{"start":{"line":14,"column":38},"end":{"line":14,"column":46}},"loc":{"start":{"line":14,"column":46},"end":{"line":14,"column":68}},"line":14}},"branchMap":{"0":{"loc":{"start":{"line":16,"column":8},"end":{"line":20,"column":null}},"type":"if","locations":[{"start":{"line":16,"column":8},"end":{"line":20,"column":null}},{"start":{},"end":{}}],"line":16},"1":{"loc":{"start":{"line":21,"column":8},"end":{"line":25,"column":null}},"type":"if","locations":[{"start":{"line":21,"column":8},"end":{"line":25,"column":null}},{"start":{},"end":{}}],"line":21},"2":{"loc":{"start":{"line":55,"column":8},"end":{"line":60,"column":null}},"type":"if","locations":[{"start":{"line":55,"column":8},"end":{"line":60,"column":null}},{"start":{},"end":{}}],"line":55},"3":{"loc":{"start":{"line":55,"column":12},"end":{"line":55,"column":80}},"type":"binary-expr","locations":[{"start":{"line":55,"column":12},"end":{"line":55,"column":48}},{"start":{"line":55,"column":48},"end":{"line":55,"column":80}}],"line":55}},"s":{"0":4,"1":4,"2":4,"3":4,"4":4,"5":4,"6":6,"7":4,"8":1,"9":3,"10":1,"11":2,"12":2,"13":2,"14":2,"15":2,"16":0,"17":2,"18":2,"19":2,"20":2,"21":1,"22":1,"23":2,"24":2,"25":0,"26":2,"27":2,"28":1,"29":1,"30":1,"31":1,"32":1,"33":1,"34":3},"f":{"0":4,"1":6},"b":{"0":[1,3],"1":[1,2],"2":[1,1],"3":[2,1]},"meta":{"lastBranch":4,"lastFunction":2,"lastStatement":35,"seen":{"f:5:34:5:41":0,"s:6:4:79:Infinity":0,"s:7:21:7:Infinity":1,"s:9:39:9:Infinity":2,"s:11:26:11:Infinity":3,"s:12:29:12:Infinity":4,"s:14:27:14:Infinity":5,"f:14:38:14:46":1,"s:14:46:14:68":6,"b:16:8:20:Infinity:undefined:undefined:undefined:undefined":0,"s:16:8:20:Infinity":7,"s:17:12:19:Infinity":8,"b:21:8:25:Infinity:undefined:undefined:undefined:undefined":1,"s:21:8:25:Infinity":9,"s:22:12:24:Infinity":10,"s:27:27:27:Infinity":11,"s:28:29:28:Infinity":12,"s:29:31:29:Infinity":13,"s:31:8:35:Infinity":14,"s:32:12:32:Infinity":15,"s:34:12:34:Infinity":16,"s:37:36:37:Infinity":17,"s:38:38:38:Infinity":18,"s:41:8:46:Infinity":19,"s:42:29:42:Infinity":20,"s:43:12:43:Infinity":21,"s:45:12:45:Infinity":22,"s:48:8:53:Infinity":23,"s:49:31:49:Infinity":24,"s:50:12:50:Infinity":25,"s:52:12:52:Infinity":26,"b:55:8:60:Infinity:undefined:undefined:undefined:undefined":2,"s:55:8:60:Infinity":27,"b:55:12:55:48:55:48:55:80":3,"s:56:12:59:Infinity":28,"s:62:8:62:Infinity":29,"s:63:8:63:Infinity":30,"s:65:8:65:Infinity":31,"s:66:8:66:Infinity":32,"s:68:8:76:Infinity":33,"s:78:8:78:Infinity":34}}}
,"D:\\Repos\\Dialogo\\server\\api\\messages\\[channelId].ts": {"path":"D:\\Repos\\Dialogo\\server\\api\\messages\\[channelId].ts","statementMap":{"0":{"start":{"line":6,"column":4},"end":{"line":25,"column":null}},"1":{"start":{"line":7,"column":30},"end":{"line":7,"column":null}},"2":{"start":{"line":8,"column":25},"end":{"line":8,"column":null}},"3":{"start":{"line":10,"column":8},"end":{"line":18,"column":null}},"4":{"start":{"line":11,"column":25},"end":{"line":11,"column":null}},"5":{"start":{"line":12,"column":40},"end":{"line":12,"column":null}},"6":{"start":{"line":14,"column":12},"end":{"line":14,"column":null}},"7":{"start":{"line":17,"column":12},"end":{"line":17,"column":null}},"8":{"start":{"line":21,"column":8},"end":{"line":24,"column":null}}},"fnMap":{"0":{"name":"(anonymous_0)","decl":{"start":{"line":5,"column":34},"end":{"line":5,"column":41}},"loc":{"start":{"line":5,"column":51},"end":{"line":26,"column":1}},"line":5}},"branchMap":{"0":{"loc":{"start":{"line":7,"column":30},"end":{"line":7,"column":null}},"type":"binary-expr","locations":[{"start":{"line":7,"column":30},"end":{"line":7,"column":54}},{"start":{"line":7,"column":54},"end":{"line":7,"column":null}}],"line":7}},"s":{"0":2,"1":2,"2":2,"3":2,"4":2,"5":1,"6":1,"7":1,"8":0},"f":{"0":2},"b":{"0":[2,0]},"meta":{"lastBranch":1,"lastFunction":1,"lastStatement":9,"seen":{"f:5:34:5:41":0,"s:6:4:25:Infinity":0,"s:7:30:7:Infinity":1,"b:7:30:7:54:7:54:7:Infinity":0,"s:8:25:8:Infinity":2,"s:10:8:18:Infinity":3,"s:11:25:11:Infinity":4,"s:12:40:12:Infinity":5,"s:14:12:14:Infinity":6,"s:17:12:17:Infinity":7,"s:21:8:24:Infinity":8}}}
,"D:\\Repos\\Dialogo\\server\\api\\messages\\add.ts": {"path":"D:\\Repos\\Dialogo\\server\\api\\messages\\add.ts","statementMap":{"0":{"start":{"line":7,"column":4},"end":{"line":77,"column":null}},"1":{"start":{"line":8,"column":30},"end":{"line":8,"column":null}},"2":{"start":{"line":9,"column":27},"end":{"line":9,"column":null}},"3":{"start":{"line":10,"column":25},"end":{"line":10,"column":null}},"4":{"start":{"line":12,"column":8},"end":{"line":16,"column":null}},"5":{"start":{"line":13,"column":12},"end":{"line":13,"column":null}},"6":{"start":{"line":15,"column":12},"end":{"line":15,"column":null}},"7":{"start":{"line":19,"column":8},"end":{"line":24,"column":null}},"8":{"start":{"line":20,"column":25},"end":{"line":20,"column":null}},"9":{"start":{"line":21,"column":12},"end":{"line":21,"column":null}},"10":{"start":{"line":23,"column":12},"end":{"line":23,"column":null}},"11":{"start":{"line":26,"column":8},"end":{"line":26,"column":null}},"12":{"start":{"line":28,"column":8},"end":{"line":58,"column":null}},"13":{"start":{"line":29,"column":29},"end":{"line":29,"column":null}},"14":{"start":{"line":30,"column":12},"end":{"line":30,"column":null}},"15":{"start":{"line":31,"column":12},"end":{"line":31,"column":null}},"16":{"start":{"line":33,"column":12},"end":{"line":33,"column":null}},"17":{"start":{"line":34,"column":12},"end":{"line":34,"column":null}},"18":{"start":{"line":38,"column":32},"end":{"line":38,"column":null}},"19":{"start":{"line":39,"column":29},"end":{"line":39,"column":null}},"20":{"start":{"line":40,"column":28},"end":{"line":40,"column":null}},"21":{"start":{"line":40,"column":66},"end":{"line":40,"column":90}},"22":{"start":{"line":42,"column":31},"end":{"line":42,"column":null}},"23":{"start":{"line":43,"column":28},"end":{"line":43,"column":null}},"24":{"start":{"line":44,"column":27},"end":{"line":44,"column":null}},"25":{"start":{"line":44,"column":63},"end":{"line":44,"column":88}},"26":{"start":{"line":46,"column":36},"end":{"line":46,"column":null}},"27":{"start":{"line":47,"column":32},"end":{"line":47,"column":null}},"28":{"start":{"line":49,"column":12},"end":{"line":54,"column":null}},"29":{"start":{"line":50,"column":16},"end":{"line":53,"column":null}},"30":{"start":{"line":56,"column":12},"end":{"line":56,"column":null}},"31":{"start":{"line":57,"column":12},"end":{"line":57,"column":null}},"32":{"start":{"line":60,"column":8},"end":{"line":60,"column":null}},"33":{"start":{"line":62,"column":8},"end":{"line":65,"column":null}},"34":{"start":{"line":68,"column":8},"end":{"line":76,"column":null}},"35":{"start":{"line":69,"column":12},"end":{"line":69,"column":null}},"36":{"start":{"line":72,"column":12},"end":{"line":75,"column":null}}},"fnMap":{"0":{"name":"(anonymous_0)","decl":{"start":{"line":6,"column":34},"end":{"line":6,"column":41}},"loc":{"start":{"line":6,"column":51},"end":{"line":78,"column":1}},"line":6},"1":{"name":"(anonymous_1)","decl":{"start":{"line":40,"column":42},"end":{"line":40,"column":43}},"loc":{"start":{"line":40,"column":66},"end":{"line":40,"column":90}},"line":40},"2":{"name":"(anonymous_2)","decl":{"start":{"line":44,"column":40},"end":{"line":44,"column":41}},"loc":{"start":{"line":44,"column":63},"end":{"line":44,"column":88}},"line":44}},"branchMap":{"0":{"loc":{"start":{"line":28,"column":8},"end":{"line":58,"column":null}},"type":"if","locations":[{"start":{"line":28,"column":8},"end":{"line":58,"column":null}},{"start":{"line":36,"column":13},"end":{"line":58,"column":null}}],"line":28},"1":{"loc":{"start":{"line":49,"column":12},"end":{"line":54,"column":null}},"type":"if","locations":[{"start":{"line":49,"column":12},"end":{"line":54,"column":null}},{"start":{},"end":{}}],"line":49},"2":{"loc":{"start":{"line":68,"column":8},"end":{"line":76,"column":null}},"type":"if","locations":[{"start":{"line":68,"column":8},"end":{"line":76,"column":null}},{"start":{"line":71,"column":13},"end":{"line":76,"column":null}}],"line":68},"3":{"loc":{"start":{"line":68,"column":12},"end":{"line":68,"column":73}},"type":"binary-expr","locations":[{"start":{"line":68,"column":12},"end":{"line":68,"column":21}},{"start":{"line":68,"column":21},"end":{"line":68,"column":50}},{"start":{"line":68,"column":50},"end":{"line":68,"column":73}}],"line":68}},"s":{"0":3,"1":3,"2":3,"3":3,"4":3,"5":3,"6":0,"7":3,"8":3,"9":0,"10":3,"11":3,"12":3,"13":1,"14":1,"15":1,"16":1,"17":1,"18":2,"19":2,"20":2,"21":2,"22":2,"23":2,"24":2,"25":2,"26":2,"27":2,"28":2,"29":1,"30":1,"31":1,"32":2,"33":2,"34":1,"35":1,"36":0},"f":{"0":3,"1":2,"2":2},"b":{"0":[1,2],"1":[1,1],"2":[1,0],"3":[1,1,1]},"meta":{"lastBranch":4,"lastFunction":3,"lastStatement":37,"seen":{"f:6:34:6:41":0,"s:7:4:77:Infinity":0,"s:8:30:8:Infinity":1,"s:9:27:9:Infinity":2,"s:10:25:10:Infinity":3,"s:12:8:16:Infinity":4,"s:13:12:13:Infinity":5,"s:15:12:15:Infinity":6,"s:19:8:24:Infinity":7,"s:20:25:20:Infinity":8,"s:21:12:21:Infinity":9,"s:23:12:23:Infinity":10,"s:26:8:26:Infinity":11,"b:28:8:58:Infinity:36:13:58:Infinity":0,"s:28:8:58:Infinity":12,"s:29:29:29:Infinity":13,"s:30:12:30:Infinity":14,"s:31:12:31:Infinity":15,"s:33:12:33:Infinity":16,"s:34:12:34:Infinity":17,"s:38:32:38:Infinity":18,"s:39:29:39:Infinity":19,"s:40:28:40:Infinity":20,"f:40:42:40:43":1,"s:40:66:40:90":21,"s:42:31:42:Infinity":22,"s:43:28:43:Infinity":23,"s:44:27:44:Infinity":24,"f:44:40:44:41":2,"s:44:63:44:88":25,"s:46:36:46:Infinity":26,"s:47:32:47:Infinity":27,"b:49:12:54:Infinity:undefined:undefined:undefined:undefined":1,"s:49:12:54:Infinity":28,"s:50:16:53:Infinity":29,"s:56:12:56:Infinity":30,"s:57:12:57:Infinity":31,"s:60:8:60:Infinity":32,"s:62:8:65:Infinity":33,"b:68:8:76:Infinity:71:13:76:Infinity":2,"s:68:8:76:Infinity":34,"b:68:12:68:21:68:21:68:50:68:50:68:73":3,"s:69:12:69:Infinity":35,"s:72:12:75:Infinity":36}}}
,"D:\\Repos\\Dialogo\\server\\api\\servers\\[id].get.ts": {"path":"D:\\Repos\\Dialogo\\server\\api\\servers\\[id].get.ts","statementMap":{"0":{"start":{"line":4,"column":4},"end":{"line":20,"column":null}},"1":{"start":{"line":5,"column":25},"end":{"line":5,"column":null}},"2":{"start":{"line":7,"column":21},"end":{"line":7,"column":null}},"3":{"start":{"line":8,"column":24},"end":{"line":8,"column":null}},"4":{"start":{"line":10,"column":23},"end":{"line":10,"column":null}},"5":{"start":{"line":10,"column":59},"end":{"line":10,"column":76}},"6":{"start":{"line":12,"column":8},"end":{"line":14,"column":null}},"7":{"start":{"line":13,"column":12},"end":{"line":13,"column":null}},"8":{"start":{"line":16,"column":8},"end":{"line":16,"column":null}},"9":{"start":{"line":18,"column":8},"end":{"line":18,"column":null}},"10":{"start":{"line":19,"column":8},"end":{"line":19,"column":null}}},"fnMap":{"0":{"name":"(anonymous_0)","decl":{"start":{"line":3,"column":34},"end":{"line":3,"column":41}},"loc":{"start":{"line":3,"column":51},"end":{"line":21,"column":1}},"line":3},"1":{"name":"(anonymous_1)","decl":{"start":{"line":10,"column":36},"end":{"line":10,"column":37}},"loc":{"start":{"line":10,"column":59},"end":{"line":10,"column":76}},"line":10}},"branchMap":{"0":{"loc":{"start":{"line":12,"column":8},"end":{"line":14,"column":null}},"type":"if","locations":[{"start":{"line":12,"column":8},"end":{"line":14,"column":null}},{"start":{},"end":{}}],"line":12}},"s":{"0":3,"1":3,"2":3,"3":2,"4":2,"5":2,"6":2,"7":1,"8":1,"9":1,"10":1},"f":{"0":3,"1":2},"b":{"0":[1,1]},"meta":{"lastBranch":1,"lastFunction":2,"lastStatement":11,"seen":{"f:3:34:3:41":0,"s:4:4:20:Infinity":0,"s:5:25:5:Infinity":1,"s:7:21:7:Infinity":2,"s:8:24:8:Infinity":3,"s:10:23:10:Infinity":4,"f:10:36:10:37":1,"s:10:59:10:76":5,"b:12:8:14:Infinity:undefined:undefined:undefined:undefined":0,"s:12:8:14:Infinity":6,"s:13:12:13:Infinity":7,"s:16:8:16:Infinity":8,"s:18:8:18:Infinity":9,"s:19:8:19:Infinity":10}}}
,"D:\\Repos\\Dialogo\\server\\api\\servers\\add.ts": {"path":"D:\\Repos\\Dialogo\\server\\api\\servers\\add.ts","statementMap":{"0":{"start":{"line":5,"column":4},"end":{"line":37,"column":null}},"1":{"start":{"line":6,"column":57},"end":{"line":6,"column":null}},"2":{"start":{"line":7,"column":25},"end":{"line":7,"column":null}},"3":{"start":{"line":9,"column":34},"end":{"line":12,"column":null}},"4":{"start":{"line":15,"column":8},"end":{"line":20,"column":null}},"5":{"start":{"line":16,"column":25},"end":{"line":16,"column":null}},"6":{"start":{"line":17,"column":12},"end":{"line":17,"column":null}},"7":{"start":{"line":19,"column":12},"end":{"line":19,"column":null}},"8":{"start":{"line":22,"column":8},"end":{"line":22,"column":null}},"9":{"start":{"line":24,"column":8},"end":{"line":24,"column":null}},"10":{"start":{"line":26,"column":8},"end":{"line":30,"column":null}},"11":{"start":{"line":33,"column":8},"end":{"line":36,"column":null}}},"fnMap":{"0":{"name":"(anonymous_0)","decl":{"start":{"line":4,"column":34},"end":{"line":4,"column":41}},"loc":{"start":{"line":4,"column":51},"end":{"line":38,"column":1}},"line":4}},"branchMap":{},"s":{"0":3,"1":3,"2":2,"3":2,"4":2,"5":2,"6":1,"7":1,"8":2,"9":2,"10":2,"11":1},"f":{"0":3},"b":{},"meta":{"lastBranch":0,"lastFunction":1,"lastStatement":12,"seen":{"f:4:34:4:41":0,"s:5:4:37:Infinity":0,"s:6:57:6:Infinity":1,"s:7:25:7:Infinity":2,"s:9:34:12:Infinity":3,"s:15:8:20:Infinity":4,"s:16:25:16:Infinity":5,"s:17:12:17:Infinity":6,"s:19:12:19:Infinity":7,"s:22:8:22:Infinity":8,"s:24:8:24:Infinity":9,"s:26:8:30:Infinity":10,"s:33:8:36:Infinity":11}}}
,"D:\\Repos\\Dialogo\\server\\api\\servers\\assignUser.ts": {"path":"D:\\Repos\\Dialogo\\server\\api\\servers\\assignUser.ts","statementMap":{"0":{"start":{"line":5,"column":4},"end":{"line":33,"column":null}},"1":{"start":{"line":6,"column":37},"end":{"line":6,"column":null}},"2":{"start":{"line":7,"column":25},"end":{"line":7,"column":null}},"3":{"start":{"line":10,"column":8},"end":{"line":15,"column":null}},"4":{"start":{"line":11,"column":25},"end":{"line":11,"column":null}},"5":{"start":{"line":12,"column":12},"end":{"line":12,"column":null}},"6":{"start":{"line":14,"column":12},"end":{"line":14,"column":null}},"7":{"start":{"line":17,"column":8},"end":{"line":20,"column":null}},"8":{"start":{"line":18,"column":12},"end":{"line":18,"column":null}},"9":{"start":{"line":19,"column":12},"end":{"line":19,"column":null}},"10":{"start":{"line":22,"column":8},"end":{"line":26,"column":null}},"11":{"start":{"line":29,"column":8},"end":{"line":32,"column":null}}},"fnMap":{"0":{"name":"(anonymous_0)","decl":{"start":{"line":4,"column":34},"end":{"line":4,"column":41}},"loc":{"start":{"line":4,"column":51},"end":{"line":34,"column":1}},"line":4}},"branchMap":{"0":{"loc":{"start":{"line":17,"column":8},"end":{"line":20,"column":null}},"type":"if","locations":[{"start":{"line":17,"column":8},"end":{"line":20,"column":null}},{"start":{},"end":{}}],"line":17}},"s":{"0":4,"1":4,"2":3,"3":3,"4":3,"5":2,"6":1,"7":3,"8":2,"9":2,"10":3,"11":1},"f":{"0":4},"b":{"0":[2,1]},"meta":{"lastBranch":1,"lastFunction":1,"lastStatement":12,"seen":{"f:4:34:4:41":0,"s:5:4:33:Infinity":0,"s:6:37:6:Infinity":1,"s:7:25:7:Infinity":2,"s:10:8:15:Infinity":3,"s:11:25:11:Infinity":4,"s:12:12:12:Infinity":5,"s:14:12:14:Infinity":6,"b:17:8:20:Infinity:undefined:undefined:undefined:undefined":0,"s:17:8:20:Infinity":7,"s:18:12:18:Infinity":8,"s:19:12:19:Infinity":9,"s:22:8:26:Infinity":10,"s:29:8:32:Infinity":11}}}
,"D:\\Repos\\Dialogo\\server\\api\\servers\\get.ts": {"path":"D:\\Repos\\Dialogo\\server\\api\\servers\\get.ts","statementMap":{"0":{"start":{"line":4,"column":4},"end":{"line":11,"column":null}},"1":{"start":{"line":5,"column":21},"end":{"line":5,"column":null}},"2":{"start":{"line":6,"column":8},"end":{"line":6,"column":null}},"3":{"start":{"line":9,"column":8},"end":{"line":9,"column":null}},"4":{"start":{"line":10,"column":8},"end":{"line":10,"column":null}}},"fnMap":{"0":{"name":"(anonymous_0)","decl":{"start":{"line":3,"column":34},"end":{"line":3,"column":46}},"loc":{"start":{"line":3,"column":46},"end":{"line":12,"column":1}},"line":3}},"branchMap":{},"s":{"0":2,"1":2,"2":1,"3":1,"4":1},"f":{"0":2},"b":{},"meta":{"lastBranch":0,"lastFunction":1,"lastStatement":5,"seen":{"f:3:34:3:46":0,"s:4:4:11:Infinity":0,"s:5:21:5:Infinity":1,"s:6:8:6:Infinity":2,"s:9:8:9:Infinity":3,"s:10:8:10:Infinity":4}}}
,"D:\\Repos\\Dialogo\\server\\api\\servers\\kickUser.ts": {"path":"D:\\Repos\\Dialogo\\server\\api\\servers\\kickUser.ts","statementMap":{"0":{"start":{"line":5,"column":4},"end":{"line":42,"column":null}},"1":{"start":{"line":6,"column":37},"end":{"line":6,"column":null}},"2":{"start":{"line":7,"column":25},"end":{"line":7,"column":null}},"3":{"start":{"line":10,"column":8},"end":{"line":18,"column":null}},"4":{"start":{"line":11,"column":25},"end":{"line":11,"column":null}},"5":{"start":{"line":12,"column":12},"end":{"line":12,"column":null}},"6":{"start":{"line":14,"column":12},"end":{"line":17,"column":null}},"7":{"start":{"line":20,"column":26},"end":{"line":20,"column":null}},"8":{"start":{"line":21,"column":8},"end":{"line":26,"column":null}},"9":{"start":{"line":22,"column":12},"end":{"line":25,"column":null}},"10":{"start":{"line":28,"column":8},"end":{"line":28,"column":null}},"11":{"start":{"line":29,"column":8},"end":{"line":29,"column":null}},"12":{"start":{"line":31,"column":8},"end":{"line":35,"column":null}},"13":{"start":{"line":38,"column":8},"end":{"line":41,"column":null}}},"fnMap":{"0":{"name":"(anonymous_0)","decl":{"start":{"line":4,"column":34},"end":{"line":4,"column":41}},"loc":{"start":{"line":4,"column":51},"end":{"line":43,"column":1}},"line":4}},"branchMap":{"0":{"loc":{"start":{"line":21,"column":8},"end":{"line":26,"column":null}},"type":"if","locations":[{"start":{"line":21,"column":8},"end":{"line":26,"column":null}},{"start":{},"end":{}}],"line":21}},"s":{"0":3,"1":3,"2":3,"3":3,"4":3,"5":2,"6":1,"7":2,"8":2,"9":1,"10":1,"11":1,"12":1,"13":2},"f":{"0":3},"b":{"0":[1,1]},"meta":{"lastBranch":1,"lastFunction":1,"lastStatement":14,"seen":{"f:4:34:4:41":0,"s:5:4:42:Infinity":0,"s:6:37:6:Infinity":1,"s:7:25:7:Infinity":2,"s:10:8:18:Infinity":3,"s:11:25:11:Infinity":4,"s:12:12:12:Infinity":5,"s:14:12:17:Infinity":6,"s:20:26:20:Infinity":7,"b:21:8:26:Infinity:undefined:undefined:undefined:undefined":0,"s:21:8:26:Infinity":8,"s:22:12:25:Infinity":9,"s:28:8:28:Infinity":10,"s:29:8:29:Infinity":11,"s:31:8:35:Infinity":12,"s:38:8:41:Infinity":13}}}
,"D:\\Repos\\Dialogo\\server\\api\\servers\\[serverId]\\[userId].delete.ts": {"path":"D:\\Repos\\Dialogo\\server\\api\\servers\\[serverId]\\[userId].delete.ts","statementMap":{"0":{"start":{"line":10,"column":4},"end":{"line":64,"column":null}},"1":{"start":{"line":11,"column":14},"end":{"line":11,"column":null}},"2":{"start":{"line":12,"column":14},"end":{"line":12,"column":null}},"3":{"start":{"line":14,"column":8},"end":{"line":19,"column":null}},"4":{"start":{"line":15,"column":12},"end":{"line":18,"column":null}},"5":{"start":{"line":21,"column":32},"end":{"line":21,"column":null}},"6":{"start":{"line":22,"column":32},"end":{"line":22,"column":null}},"7":{"start":{"line":24,"column":8},"end":{"line":53,"column":null}},"8":{"start":{"line":25,"column":40},"end":{"line":25,"column":null}},"9":{"start":{"line":26,"column":12},"end":{"line":31,"column":null}},"10":{"start":{"line":27,"column":35},"end":{"line":27,"column":null}},"11":{"start":{"line":28,"column":16},"end":{"line":28,"column":null}},"12":{"start":{"line":32,"column":12},"end":{"line":32,"column":null}},"13":{"start":{"line":32,"column":61},"end":{"line":32,"column":74}},"14":{"start":{"line":34,"column":42},"end":{"line":34,"column":null}},"15":{"start":{"line":35,"column":12},"end":{"line":40,"column":null}},"16":{"start":{"line":36,"column":33},"end":{"line":36,"column":null}},"17":{"start":{"line":37,"column":16},"end":{"line":37,"column":null}},"18":{"start":{"line":41,"column":12},"end":{"line":41,"column":null}},"19":{"start":{"line":41,"column":63},"end":{"line":41,"column":78}},"20":{"start":{"line":43,"column":12},"end":{"line":46,"column":null}},"21":{"start":{"line":48,"column":12},"end":{"line":52,"column":null}},"22":{"start":{"line":55,"column":8},"end":{"line":58,"column":null}},"23":{"start":{"line":60,"column":8},"end":{"line":63,"column":null}}},"fnMap":{"0":{"name":"(anonymous_0)","decl":{"start":{"line":9,"column":34},"end":{"line":9,"column":41}},"loc":{"start":{"line":9,"column":51},"end":{"line":65,"column":1}},"line":9},"1":{"name":"(anonymous_1)","decl":{"start":{"line":32,"column":45},"end":{"line":32,"column":46}},"loc":{"start":{"line":32,"column":61},"end":{"line":32,"column":74}},"line":32},"2":{"name":"(anonymous_2)","decl":{"start":{"line":41,"column":45},"end":{"line":41,"column":46}},"loc":{"start":{"line":41,"column":63},"end":{"line":41,"column":78}},"line":41}},"branchMap":{"0":{"loc":{"start":{"line":14,"column":8},"end":{"line":19,"column":null}},"type":"if","locations":[{"start":{"line":14,"column":8},"end":{"line":19,"column":null}},{"start":{},"end":{}}],"line":14},"1":{"loc":{"start":{"line":14,"column":12},"end":{"line":14,"column":34}},"type":"binary-expr","locations":[{"start":{"line":14,"column":12},"end":{"line":14,"column":25}},{"start":{"line":14,"column":25},"end":{"line":14,"column":34}}],"line":14}},"s":{"0":4,"1":4,"2":4,"3":4,"4":1,"5":3,"6":3,"7":3,"8":3,"9":3,"10":3,"11":2,"12":3,"13":2,"14":3,"15":3,"16":3,"17":2,"18":3,"19":2,"20":3,"21":1,"22":2,"23":2},"f":{"0":4,"1":2,"2":2},"b":{"0":[1,3],"1":[4,3]},"meta":{"lastBranch":2,"lastFunction":3,"lastStatement":24,"seen":{"f:9:34:9:41":0,"s:10:4:64:Infinity":0,"s:11:14:11:Infinity":1,"s:12:14:12:Infinity":2,"b:14:8:19:Infinity:undefined:undefined:undefined:undefined":0,"s:14:8:19:Infinity":3,"b:14:12:14:25:14:25:14:34":1,"s:15:12:18:Infinity":4,"s:21:32:21:Infinity":5,"s:22:32:22:Infinity":6,"s:24:8:53:Infinity":7,"s:25:40:25:Infinity":8,"s:26:12:31:Infinity":9,"s:27:35:27:Infinity":10,"s:28:16:28:Infinity":11,"s:32:12:32:Infinity":12,"f:32:45:32:46":1,"s:32:61:32:74":13,"s:34:42:34:Infinity":14,"s:35:12:40:Infinity":15,"s:36:33:36:Infinity":16,"s:37:16:37:Infinity":17,"s:41:12:41:Infinity":18,"f:41:45:41:46":2,"s:41:63:41:78":19,"s:43:12:46:Infinity":20,"s:48:12:52:Infinity":21,"s:55:8:58:Infinity":22,"s:60:8:63:Infinity":23}}}
,"D:\\Repos\\Dialogo\\server\\api\\servers\\[serverId]\\delete.ts": {"path":"D:\\Repos\\Dialogo\\server\\api\\servers\\[serverId]\\delete.ts","statementMap":{"0":{"start":{"line":19,"column":41},"end":{"line":19,"column":null}},"1":{"start":{"line":20,"column":4},"end":{"line":25,"column":null}},"2":{"start":{"line":21,"column":8},"end":{"line":24,"column":null}},"3":{"start":{"line":27,"column":4},"end":{"line":88,"column":null}},"4":{"start":{"line":29,"column":29},"end":{"line":29,"column":null}},"5":{"start":{"line":30,"column":29},"end":{"line":30,"column":null}},"6":{"start":{"line":31,"column":36},"end":{"line":31,"column":null}},"7":{"start":{"line":34,"column":31},"end":{"line":34,"column":null}},"8":{"start":{"line":34,"column":69},"end":{"line":34,"column":98}},"9":{"start":{"line":35,"column":34},"end":{"line":35,"column":null}},"10":{"start":{"line":35,"column":72},"end":{"line":35,"column":101}},"11":{"start":{"line":38,"column":8},"end":{"line":44,"column":null}},"12":{"start":{"line":39,"column":12},"end":{"line":43,"column":null}},"13":{"start":{"line":40,"column":16},"end":{"line":40,"column":null}},"14":{"start":{"line":42,"column":16},"end":{"line":42,"column":null}},"15":{"start":{"line":47,"column":8},"end":{"line":47,"column":null}},"16":{"start":{"line":50,"column":28},"end":{"line":50,"column":null}},"17":{"start":{"line":51,"column":28},"end":{"line":51,"column":null}},"18":{"start":{"line":52,"column":34},"end":{"line":52,"column":null}},"19":{"start":{"line":53,"column":31},"end":{"line":53,"column":null}},"20":{"start":{"line":53,"column":66},"end":{"line":53,"column":88}},"21":{"start":{"line":54,"column":8},"end":{"line":54,"column":null}},"22":{"start":{"line":57,"column":8},"end":{"line":61,"column":null}},"23":{"start":{"line":58,"column":12},"end":{"line":58,"column":null}},"24":{"start":{"line":60,"column":12},"end":{"line":60,"column":null}},"25":{"start":{"line":64,"column":22},"end":{"line":64,"column":null}},"26":{"start":{"line":66,"column":8},"end":{"line":77,"column":null}},"27":{"start":{"line":67,"column":12},"end":{"line":76,"column":null}},"28":{"start":{"line":68,"column":33},"end":{"line":68,"column":null}},"29":{"start":{"line":69,"column":33},"end":{"line":69,"column":null}},"30":{"start":{"line":70,"column":46},"end":{"line":70,"column":null}},"31":{"start":{"line":72,"column":16},"end":{"line":75,"column":null}},"32":{"start":{"line":73,"column":47},"end":{"line":73,"column":null}},"33":{"start":{"line":73,"column":82},"end":{"line":73,"column":97}},"34":{"start":{"line":74,"column":20},"end":{"line":74,"column":null}},"35":{"start":{"line":79,"column":8},"end":{"line":82,"column":null}},"36":{"start":{"line":84,"column":8},"end":{"line":87,"column":null}}},"fnMap":{"0":{"name":"(anonymous_0)","decl":{"start":{"line":18,"column":34},"end":{"line":18,"column":41}},"loc":{"start":{"line":18,"column":51},"end":{"line":89,"column":1}},"line":18},"1":{"name":"(anonymous_1)","decl":{"start":{"line":34,"column":47},"end":{"line":34,"column":48}},"loc":{"start":{"line":34,"column":69},"end":{"line":34,"column":98}},"line":34},"2":{"name":"(anonymous_2)","decl":{"start":{"line":35,"column":50},"end":{"line":35,"column":51}},"loc":{"start":{"line":35,"column":72},"end":{"line":35,"column":101}},"line":35},"3":{"name":"(anonymous_3)","decl":{"start":{"line":53,"column":46},"end":{"line":53,"column":47}},"loc":{"start":{"line":53,"column":66},"end":{"line":53,"column":88}},"line":53},"4":{"name":"(anonymous_4)","decl":{"start":{"line":73,"column":66},"end":{"line":73,"column":67}},"loc":{"start":{"line":73,"column":82},"end":{"line":73,"column":97}},"line":73}},"branchMap":{"0":{"loc":{"start":{"line":20,"column":4},"end":{"line":25,"column":null}},"type":"if","locations":[{"start":{"line":20,"column":4},"end":{"line":25,"column":null}},{"start":{},"end":{}}],"line":20},"1":{"loc":{"start":{"line":67,"column":12},"end":{"line":76,"column":null}},"type":"if","locations":[{"start":{"line":67,"column":12},"end":{"line":76,"column":null}},{"start":{},"end":{}}],"line":67},"2":{"loc":{"start":{"line":72,"column":16},"end":{"line":75,"column":null}},"type":"if","locations":[{"start":{"line":72,"column":16},"end":{"line":75,"column":null}},{"start":{},"end":{}}],"line":72}},"s":{"0":4,"1":4,"2":1,"3":3,"4":3,"5":3,"6":2,"7":2,"8":3,"9":2,"10":3,"11":2,"12":2,"13":2,"14":1,"15":2,"16":2,"17":2,"18":2,"19":2,"20":3,"21":2,"22":2,"23":2,"24":1,"25":2,"26":2,"27":2,"28":2,"29":2,"30":2,"31":2,"32":1,"33":2,"34":1,"35":2,"36":1},"f":{"0":4,"1":3,"2":3,"3":3,"4":2},"b":{"0":[1,3],"1":[2,0],"2":[1,1]},"meta":{"lastBranch":3,"lastFunction":5,"lastStatement":37,"seen":{"f:18:34:18:41":0,"s:19:41:19:Infinity":0,"b:20:4:25:Infinity:undefined:undefined:undefined:undefined":0,"s:20:4:25:Infinity":1,"s:21:8:24:Infinity":2,"s:27:4:88:Infinity":3,"s:29:29:29:Infinity":4,"s:30:29:30:Infinity":5,"s:31:36:31:Infinity":6,"s:34:31:34:Infinity":7,"f:34:47:34:48":1,"s:34:69:34:98":8,"s:35:34:35:Infinity":9,"f:35:50:35:51":2,"s:35:72:35:101":10,"s:38:8:44:Infinity":11,"s:39:12:43:Infinity":12,"s:40:16:40:Infinity":13,"s:42:16:42:Infinity":14,"s:47:8:47:Infinity":15,"s:50:28:50:Infinity":16,"s:51:28:51:Infinity":17,"s:52:34:52:Infinity":18,"s:53:31:53:Infinity":19,"f:53:46:53:47":3,"s:53:66:53:88":20,"s:54:8:54:Infinity":21,"s:57:8:61:Infinity":22,"s:58:12:58:Infinity":23,"s:60:12:60:Infinity":24,"s:64:22:64:Infinity":25,"s:66:8:77:Infini
[...]
":54,"column":null}}},"fnMap":{"0":{"name":"(anonymous_0)","decl":{"start":{"line":4,"column":34},"end":{"line":4,"column":41}},"loc":{"start":{"line":4,"column":51},"end":{"line":56,"column":1}},"line":4},"1":{"name":"(anonymous_1)","decl":{"start":{"line":18,"column":32},"end":{"line":18,"column":37}},"loc":{"start":{"line":18,"column":37},"end":{"line":18,"column":52}},"line":18},"2":{"name":"(anonymous_2)","decl":{"start":{"line":29,"column":39},"end":{"line":29,"column":40}},"loc":{"start":{"line":30,"column":12},"end":{"line":30,"column":null}},"line":30}},"branchMap":{"0":{"loc":{"start":{"line":10,"column":8},"end":{"line":15,"column":null}},"type":"if","locations":[{"start":{"line":10,"column":8},"end":{"line":15,"column":null}},{"start":{},"end":{}}],"line":10},"1":{"loc":{"start":{"line":20,"column":8},"end":{"line":25,"column":null}},"type":"if","locations":[{"start":{"line":20,"column":8},"end":{"line":25,"column":null}},{"start":{},"end":{}}],"line":20},"2":{"loc":{"start":{"line":30,"column":12},"end":{"line":30,"column":null}},"type":"cond-expr","locations":[{"start":{"line":30,"column":33},"end":{"line":30,"column":65}},{"start":{"line":30,"column":65},"end":{"line":30,"column":null}}],"line":30},"3":{"loc":{"start":{"line":34,"column":8},"end":{"line":43,"column":null}},"type":"if","locations":[{"start":{"line":34,"column":8},"end":{"line":43,"column":null}},{"start":{},"end":{}}],"line":34},"4":{"loc":{"start":{"line":36,"column":16},"end":{"line":39,"column":null}},"type":"if","locations":[{"start":{"line":36,"column":16},"end":{"line":39,"column":null}},{"start":{},"end":{}}],"line":36},"5":{"loc":{"start":{"line":52,"column":24},"end":{"line":52,"column":null}},"type":"binary-expr","locations":[{"start":{"line":52,"column":24},"end":{"line":52,"column":44}},{"start":{"line":52,"column":44},"end":{"line":52,"column":null}}],"line":52},"6":{"loc":{"start":{"line":53,"column":27},"end":{"line":53,"column":null}},"type":"binary-expr","locations":[{"start":{"line":53,"column":27},"end":{"line":53,"column":50}},{"start":{"line":53,"column":50},"end":{"line":53,"column":null}}],"line":53}},"s":{"0":4,"1":4,"2":4,"3":4,"4":4,"5":1,"6":3,"7":3,"8":3,"9":3,"10":3,"11":3,"12":1,"13":2,"14":2,"15":2,"16":2,"17":2,"18":2,"19":2,"20":1,"21":1,"22":0,"23":2,"24":2,"25":2},"f":{"0":4,"1":3,"2":2},"b":{"0":[1,3],"1":[1,2],"2":[2,0],"3":[2,0],"4":[1,1],"5":[2,0],"6":[2,0]},"meta":{"lastBranch":7,"lastFunction":3,"lastStatement":26,"seen":{"f:4:34:4:41":0,"s:5:4:55:Infinity":0,"s:6:21:6:Infinity":1,"s:7:25:7:Infinity":2,"s:8:23:8:Infinity":3,"b:10:8:15:Infinity:undefined:undefined:undefined:undefined":0,"s:10:8:15:Infinity":4,"s:11:12:14:Infinity":5,"s:16:27:16:Infinity":6,"s:17:30:17:Infinity":7,"s:18:21:18:Infinity":8,"f:18:32:18:37":1,"s:18:37:18:52":9,"s:19:8:19:Infinity":10,"b:20:8:25:Infinity:undefined:undefined:undefined:undefined":1,"s:20:8:25:Infinity":11,"s:21:12:24:Infinity":12,"s:27:30:27:Infinity":13,"s:29:29:31:Infinity":14,"f:29:39:29:40":2,"s:30:12:30:Infinity":15,"b:30:33:30:65:30:65:30:Infinity":2,"s:32:8:32:Infinity":16,"b:34:8:43:Infinity:undefined:undefined:undefined:undefined":3,"s:34:8:43:Infinity":17,"s:35:12:42:Infinity":18,"b:36:16:39:Infinity:undefined:undefined:undefined:undefined":4,"s:36:16:39:Infinity":19,"s:37:20:37:Infinity":20,"s:38:20:38:Infinity":21,"s:41:16:41:Infinity":22,"s:44:8:47:Infinity":23,"s:50:8:50:Infinity":24,"s:51:8:54:Infinity":25,"b:52:24:52:44:52:44:52:Infinity":5,"b:53:27:53:50:53:50:53:Infinity":6}}}
,"D:\\Repos\\Dialogo\\server\\api\\users\\get.ts": {"path":"D:\\Repos\\Dialogo\\server\\api\\users\\get.ts","statementMap":{"0":{"start":{"line":5,"column":4},"end":{"line":32,"column":null}},"1":{"start":{"line":7,"column":30},"end":{"line":7,"column":null}},"2":{"start":{"line":8,"column":8},"end":{"line":10,"column":null}},"3":{"start":{"line":9,"column":12},"end":{"line":9,"column":null}},"4":{"start":{"line":12,"column":33},"end":{"line":12,"column":null}},"5":{"start":{"line":13,"column":23},"end":{"line":13,"column":null}},"6":{"start":{"line":15,"column":25},"end":{"line":15,"column":null}},"7":{"start":{"line":16,"column":21},"end":{"line":16,"column":null}},"8":{"start":{"line":17,"column":30},"end":{"line":17,"column":null}},"9":{"start":{"line":19,"column":21},"end":{"line":19,"column":null}},"10":{"start":{"line":19,"column":40},"end":{"line":19,"column":58}},"11":{"start":{"line":20,"column":8},"end":{"line":22,"column":null}},"12":{"start":{"line":21,"column":12},"end":{"line":21,"column":null}},"13":{"start":{"line":24,"column":8},"end":{"line":24,"column":null}},"14":{"start":{"line":28,"column":8},"end":{"line":31,"column":null}}},"fnMap":{"0":{"name":"(anonymous_0)","decl":{"start":{"line":4,"column":34},"end":{"line":4,"column":41}},"loc":{"start":{"line":4,"column":65},"end":{"line":33,"column":1}},"line":4},"1":{"name":"(anonymous_1)","decl":{"start":{"line":19,"column":32},"end":{"line":19,"column":40}},"loc":{"start":{"line":19,"column":40},"end":{"line":19,"column":58}},"line":19}},"branchMap":{"0":{"loc":{"start":{"line":8,"column":8},"end":{"line":10,"column":null}},"type":"if","locations":[{"start":{"line":8,"column":8},"end":{"line":10,"column":null}},{"start":{},"end":{}}],"line":8},"1":{"loc":{"start":{"line":20,"column":8},"end":{"line":22,"column":null}},"type":"if","locations":[{"start":{"line":20,"column":8},"end":{"line":22,"column":null}},{"start":{},"end":{}}],"line":20}},"s":{"0":4,"1":4,"2":4,"3":1,"4":3,"5":3,"6":3,"7":3,"8":2,"9":2,"10":2,"11":2,"12":1,"13":1,"14":1},"f":{"0":4,"1":2},"b":{"0":[1,3],"1":[1,1]},"meta":{"lastBranch":2,"lastFunction":2,"lastStatement":15,"seen":{"f:4:34:4:41":0,"s:5:4:32:Infinity":0,"s:7:30:7:Infinity":1,"b:8:8:10:Infinity:undefined:undefined:undefined:undefined":0,"s:8:8:10:Infinity":2,"s:9:12:9:Infinity":3,"s:12:33:12:Infinity":4,"s:13:23:13:Infinity":5,"s:15:25:15:Infinity":6,"s:16:21:16:Infinity":7,"s:17:30:17:Infinity":8,"s:19:21:19:Infinity":9,"f:19:32:19:40":1,"s:19:40:19:58":10,"b:20:8:22:Infinity:undefined:undefined:undefined:undefined":1,"s:20:8:22:Infinity":11,"s:21:12:21:Infinity":12,"s:24:8:24:Infinity":13,"s:28:8:31:Infinity":14}}}
,"D:\\Repos\\Dialogo\\server\\api\\users\\leaveServer.ts": {"path":"D:\\Repos\\Dialogo\\server\\api\\users\\leaveServer.ts","statementMap":{"0":{"start":{"line":5,"column":4},"end":{"line":42,"column":null}},"1":{"start":{"line":6,"column":37},"end":{"line":6,"column":null}},"2":{"start":{"line":7,"column":25},"end":{"line":7,"column":null}},"3":{"start":{"line":10,"column":8},"end":{"line":18,"column":null}},"4":{"start":{"line":11,"column":25},"end":{"line":11,"column":null}},"5":{"start":{"line":12,"column":12},"end":{"line":12,"column":null}},"6":{"start":{"line":14,"column":12},"end":{"line":17,"column":null}},"7":{"start":{"line":20,"column":28},"end":{"line":20,"column":null}},"8":{"start":{"line":21,"column":8},"end":{"line":26,"column":null}},"9":{"start":{"line":22,"column":12},"end":{"line":25,"column":null}},"10":{"start":{"line":28,"column":8},"end":{"line":28,"column":null}},"11":{"start":{"line":29,"column":8},"end":{"line":29,"column":null}},"12":{"start":{"line":31,"column":8},"end":{"line":35,"column":null}},"13":{"start":{"line":38,"column":8},"end":{"line":41,"column":null}}},"fnMap":{"0":{"name":"(anonymous_0)","decl":{"start":{"line":4,"column":34},"end":{"line":4,"column":41}},"loc":{"start":{"line":4,"column":51},"end":{"line":43,"column":1}},"line":4}},"branchMap":{"0":{"loc":{"start":{"line":21,"column":8},"end":{"line":26,"column":null}},"type":"if","locations":[{"start":{"line":21,"column":8},"end":{"line":26,"column":null}},{"start":{},"end":{}}],"line":21}},"s":{"0":3,"1":3,"2":3,"3":3,"4":3,"5":2,"6":1,"7":2,"8":2,"9":1,"10":1,"11":1,"12":1,"13":2},"f":{"0":3},"b":{"0":[1,1]},"meta":{"lastBranch":1,"lastFunction":1,"lastStatement":14,"seen":{"f:4:34:4:41":0,"s:5:4:42:Infinity":0,"s:6:37:6:Infinity":1,"s:7:25:7:Infinity":2,"s:10:8:18:Infinity":3,"s:11:25:11:Infinity":4,"s:12:12:12:Infinity":5,"s:14:12:17:Infinity":6,"s:20:28:20:Infinity":7,"b:21:8:26:Infinity:undefined:undefined:undefined:undefined":0,"s:21:8:26:Infinity":8,"s:22:12:25:Infinity":9,"s:28:8:28:Infinity":10,"s:29:8:29:Infinity":11,"s:31:8:35:Infinity":12,"s:38:8:41:Infinity":13}}}
,"D:\\Repos\\Dialogo\\server\\api\\users\\[userId]\\getAvatar.ts": {"path":"D:\\Repos\\Dialogo\\server\\api\\users\\[userId]\\getAvatar.ts","statementMap":{"0":{"start":{"line":5,"column":4},"end":{"line":35,"column":null}},"1":{"start":{"line":6,"column":22},"end":{"line":6,"column":null}},"2":{"start":{"line":7,"column":14},"end":{"line":7,"column":null}},"3":{"start":{"line":9,"column":8},"end":{"line":14,"column":null}},"4":{"start":{"line":10,"column":12},"end":{"line":13,"column":null}},"5":{"start":{"line":15,"column":27},"end":{"line":15,"column":null}},"6":{"start":{"line":16,"column":30},"end":{"line":16,"column":null}},"7":{"start":{"line":17,"column":21},"end":{"line":17,"column":null}},"8":{"start":{"line":17,"column":37},"end":{"line":17,"column":52}},"9":{"start":{"line":18,"column":8},"end":{"line":23,"column":null}},"10":{"start":{"line":19,"column":12},"end":{"line":22,"column":null}},"11":{"start":{"line":24,"column":8},"end":{"line":27,"column":null}},"12":{"start":{"line":30,"column":8},"end":{"line":30,"column":null}},"13":{"start":{"line":31,"column":8},"end":{"line":34,"column":null}}},"fnMap":{"0":{"name":"(anonymous_0)","decl":{"start":{"line":4,"column":34},"end":{"line":4,"column":41}},"loc":{"start":{"line":4,"column":51},"end":{"line":36,"column":1}},"line":4},"1":{"name":"(anonymous_1)","decl":{"start":{"line":17,"column":32},"end":{"line":17,"column":37}},"loc":{"start":{"line":17,"column":37},"end":{"line":17,"column":52}},"line":17}},"branchMap":{"0":{"loc":{"start":{"line":9,"column":8},"end":{"line":14,"column":null}},"type":"if","locations":[{"start":{"line":9,"column":8},"end":{"line":14,"column":null}},{"start":{},"end":{}}],"line":9},"1":{"loc":{"start":{"line":18,"column":8},"end":{"line":23,"column":null}},"type":"if","locations":[{"start":{"line":18,"column":8},"end":{"line":23,"column":null}},{"start":{},"end":{}}],"line":18},"2":{"loc":{"start":{"line":32,"column":24},"end":{"line":32,"column":null}},"type":"binary-expr","locations":[{"start":{"line":32,"column":24},"end":{"line":32,"column":44}},{"start":{"line":32,"column":44},"end":{"line":32,"column":null}}],"line":32},"3":{"loc":{"start":{"line":33,"column":27},"end":{"line":33,"column":null}},"type":"binary-expr","locations":[{"start":{"line":33,"column":27},"end":{"line":33,"column":50}},{"start":{"line":33,"column":50},"end":{"line":33,"column":null}}],"line":33}},"s":{"0":3,"1":3,"2":3,"3":3,"4":1,"5":2,"6":2,"7":2,"8":1,"9":2,"10":1,"11":1,"12":2,"13":2},"f":{"0":3,"1":1},"b":{"0":[1,2],"1":[1,1],"2":[2,0],"3":[2,0]},"meta":{"lastBranch":4,"lastFunction":2,"lastStatement":14,"seen":{"f:4:34:4:41":0,"s:5:4:35:Infinity":0,"s:6:22:6:Infinity":1,"s:7:14:7:Infinity":2,"b:9:8:14:Infinity:undefined:undefined:undefined:undefined":0,"s:9:8:14:Infinity":3,"s:10:12:13:Infinity":4,"s:15:27:15:Infinity":5,"s:16:30:16:Infinity":6,"s:17:21:17:Infinity":7,"f:17:32:17:37":1,"s:17:37:17:52":8,"b:18:8:23:Infinity:undefined:undefined:undefined:undefined":1,"s:18:8:23:Infinity":9,"s:19:12:22:Infinity":10,"s:24:8:27:Infinity":11,"s:30:8:30:Infinity":12,"s:31:8:34:Infinity":13,"b:32:24:32:44:32:44:32:Infinity":2,"b:33:27:33:50:33:50:33:Infinity":3}}}
,"D:\\Repos\\Dialogo\\server\\api\\users\\[userId]\\getUserBasic.ts": {"path":"D:\\Repos\\Dialogo\\server\\api\\users\\[userId]\\getUserBasic.ts","statementMap":{"0":{"start":{"line":5,"column":4},"end":{"line":37,"column":null}},"1":{"start":{"line":6,"column":22},"end":{"line":6,"column":null}},"2":{"start":{"line":7,"column":14},"end":{"line":7,"column":null}},"3":{"start":{"line":9,"column":8},"end":{"line":14,"column":null}},"4":{"start":{"line":10,"column":12},"end":{"line":13,"column":null}},"5":{"start":{"line":15,"column":27},"end":{"line":15,"column":null}},"6":{"start":{"line":16,"column":30},"end":{"line":16,"column":null}},"7":{"start":{"line":17,"column":21},"end":{"line":17,"column":null}},"8":{"start":{"line":17,"column":37},"end":{"line":17,"column":52}},"9":{"start":{"line":19,"column":8},"end":{"line":24,"column":null}},"10":{"start":{"line":20,"column":12},"end":{"line":23,"column":null}},"11":{"start":{"line":25,"column":38},"end":{"line":25,"column":null}},"12":{"start":{"line":26,"column":8},"end":{"line":29,"column":null}},"13":{"start":{"line":32,"column":8},"end":{"line":32,"column":null}},"14":{"start":{"line":33,"column":8},"end":{"line":36,"column":null}}},"fnMap":{"0":{"name":"(anonymous_0)","decl":{"start":{"line":4,"column":34},"end":{"line":4,"column":41}},"loc":{"start":{"line":4,"column":51},"end":{"line":38,"column":1}},"line":4},"1":{"name":"(anonymous_1)","decl":{"start":{"line":17,"column":32},"end":{"line":17,"column":37}},"loc":{"start":{"line":17,"column":37},"end":{"line":17,"column":52}},"line":17}},"branchMap":{"0":{"loc":{"start":{"line":9,"column":8},"end":{"line":14,"column":null}},"type":"if","locations":[{"start":{"line":9,"column":8},"end":{"line":14,"column":null}},{"start":{},"end":{}}],"line":9},"1":{"loc":{"start":{"line":19,"column":8},"end":{"line":24,"column":null}},"type":"if","locations":[{"start":{"line":19,"column":8},"end":{"line":24,"column":null}},{"start":{},"end":{}}],"line":19},"2":{"loc":{"start":{"line":34,"column":24},"end":{"line":34,"column":null}},"type":"binary-expr","locations":[{"start":{"line":34,"column":24},"end":{"line":34,"column":44}},{"start":{"line":34,"column":44},"end":{"line":34,"column":null}}],"line":34},"3":{"loc":{"start":{"line":35,"column":27},"end":{"line":35,"column":null}},"type":"binary-expr","locations":[{"start":{"line":35,"column":27},"end":{"line":35,"column":50}},{"start":{"line":35,"column":50},"end":{"line":35,"column":null}}],"line":35}},"s":{"0":3,"1":3,"2":3,"3":3,"4":1,"5":2,"6":2,"7":2,"8":1,"9":2,"10":1,"11":1,"12":1,"13":2,"14":2},"f":{"0":3,"1":1},"b":{"0":[1,2],"1":[1,1],"2":[2,0],"3":[2,0]},"meta":{"lastBranch":4,"lastFunction":2,"lastStatement":15,"seen":{"f:4:34:4:41":0,"s:5:4:37:Infinity":0,"s:6:22:6:Infinity":1,"s:7:14:7:Infinity":2,"b:9:8:14:Infinity:undefined:undefined:undefined:undefined":0,"s:9:8:14:Infinity":3,"s:10:12:13:Infinity":4,"s:15:27:15:Infinity":5,"s:16:30:16:Infinity":6,"s:17:21:17:Infinity":7,"f:17:32:17:37":1,"s:17:37:17:52":8,"b:19:8:24:Infinity:undefined:undefined:undefined:undefined":1,"s:19:8:24:Infinity":9,"s:20:12:23:Infinity":10,"s:25:38:25:Infinity":11,"s:26:8:29:Infinity":12,"s:32:8:32:Infinity":13,"s:33:8:36:Infinity":14,"b:34:24:34:44:34:44:34:Infinity":2,"b:35:27:35:50:35:50:35:Infinity":3}}}
,"D:\\Repos\\Dialogo\\server\\api\\users\\[userId]\\servers.get.ts": {"path":"D:\\Repos\\Dialogo\\server\\api\\users\\[userId]\\servers.get.ts","statementMap":{"0":{"start":{"line":5,"column":4},"end":{"line":49,"column":null}},"1":{"start":{"line":6,"column":14},"end":{"line":6,"column":null}},"2":{"start":{"line":7,"column":8},"end":{"line":12,"column":null}},"3":{"start":{"line":8,"column":12},"end":{"line":11,"column":null}},"4":{"start":{"line":14,"column":36},"end":{"line":14,"column":null}},"5":{"start":{"line":15,"column":32},"end":{"line":15,"column":null}},"6":{"start":{"line":18,"column":8},"end":{"line":23,"column":null}},"7":{"start":{"line":19,"column":29},"end":{"line":19,"column":null}},"8":{"start":{"line":20,"column":12},"end":{"line":20,"column":null}},"9":{"start":{"line":22,"column":12},"end":{"line":22,"column":null}},"10":{"start":{"line":26,"column":8},"end":{"line":34,"column":null}},"11":{"start":{"line":27,"column":31},"end":{"line":27,"column":null}},"12":{"start":{"line":28,"column":12},"end":{"line":28,"column":null}},"13":{"start":{"line":30,"column":12},"end":{"line":33,"column":null}},"14":{"start":{"line":36,"column":28},"end":{"line":36,"column":null}},"15":{"start":{"line":36,"column":56},"end":{"line":36,"column":89}},"16":{"start":{"line":38,"column":8},"end":{"line":42,"column":null}},"17":{"start":{"line":45,"column":8},"end":{"line":48,"column":null}}},"fnMap":{"0":{"name":"(anonymous_0)","decl":{"start":{"line":4,"column":34},"end":{"line":4,"column":41}},"loc":{"start":{"line":4,"column":51},"end":{"line":50,"column":1}},"line":4},"1":{"name":"(anonymous_1)","decl":{"start":{"line":36,"column":46},"end":{"line":36,"column":56}},"loc":{"start":{"line":36,"column":56},"end":{"line":36,"column":89}},"line":36}},"branchMap":{"0":{"loc":{"start":{"line":7,"column":8},"end":{"line":12,"column":null}},"type":"if","locations":[{"start":{"line":7,"column":8},"end":{"line":12,"column":null}},{"start":{},"end":{}}],"line":7}},"s":{"0":4,"1":4,"2":4,"3":1,"4":3,"5":3,"6":3,"7":3,"8":2,"9":1,"10":3,"11":3,"12":2,"13":1,"14":2,"15":4,"16":2,"17":2},"f":{"0":4,"1":4},"b":{"0":[1,3]},"meta":{"lastBranch":1,"lastFunction":2,"lastStatement":18,"seen":{"f:4:34:4:41":0,"s:5:4:49:Infinity":0,"s:6:14:6:Infinity":1,"b:7:8:12:Infinity:undefined:undefined:undefined:undefined":0,"s:7:8:12:Infinity":2,"s:8:12:11:Infinity":3,"s:14:36:14:Infinity":4,"s:15:32:15:Infinity":5,"s:18:8:23:Infinity":6,"s:19:29:19:Infinity":7,"s:20:12:20:Infinity":8,"s:22:12:22:Infinity":9,"s:26:8:34:Infinity":10,"s:27:31:27:Infinity":11,"s:28:12:28:Infinity":12,"s:30:12:33:Infinity":13,"s:36:28:36:Infinity":14,"f:36:46:36:56":1,"s:36:56:36:89":15,"s:38:8:42:Infinity":16,"s:45:8:48:Infinity":17}}}
,"D:\\Repos\\Dialogo\\server\\api\\video\\call.ts": {"path":"D:\\Repos\\Dialogo\\server\\api\\video\\call.ts","statementMap":{"0":{"start":{"line":5,"column":4},"end":{"line":14,"column":null}},"1":{"start":{"line":6,"column":21},"end":{"line":6,"column":null}},"2":{"start":{"line":7,"column":8},"end":{"line":7,"column":null}},"3":{"start":{"line":10,"column":8},"end":{"line":13,"column":null}}},"fnMap":{"0":{"name":"(anonymous_0)","decl":{"start":{"line":4,"column":34},"end":{"line":4,"column":41}},"loc":{"start":{"line":4,"column":50},"end":{"line":16,"column":1}},"line":4}},"branchMap":{},"s":{"0":2,"1":2,"2":1,"3":1},"f":{"0":2},"b":{},"meta":{"lastBranch":0,"lastFunction":1,"lastStatement":4,"seen":{"f:4:34:4:41":0,"s:5:4:14:Infinity":0,"s:6:21:6:Infinity":1,"s:7:8:7:Infinity":2,"s:10:8:13:Infinity":3}}}
,"D:\\Repos\\Dialogo\\server\\api\\video\\cancel.ts": {"path":"D:\\Repos\\Dialogo\\server\\api\\video\\cancel.ts","statementMap":{"0":{"start":{"line":5,"column":4},"end":{"line":14,"column":null}},"1":{"start":{"line":6,"column":21},"end":{"line":6,"column":null}},"2":{"start":{"line":7,"column":8},"end":{"line":7,"column":null}},"3":{"start":{"line":10,"column":8},"end":{"line":13,"column":null}}},"fnMap":{"0":{"name":"(anonymous_0)","decl":{"start":{"line":4,"column":34},"end":{"line":4,"column":41}},"loc":{"start":{"line":4,"column":50},"end":{"line":16,"column":1}},"line":4}},"branchMap":{},"s":{"0":2,"1":2,"2":1,"3":1},"f":{"0":2},"b":{},"meta":{"lastBranch":0,"lastFunction":1,"lastStatement":4,"seen":{"f:4:34:4:41":0,"s:5:4:14:Infinity":0,"s:6:21:6:Infinity":1,"s:7:8:7:Infinity":2,"s:10:8:13:Infinity":3}}}
,"D:\\Repos\\Dialogo\\server\\api\\video\\response.ts": {"path":"D:\\Repos\\Dialogo\\server\\api\\video\\response.ts","statementMap":{"0":{"start":{"line":5,"column":4},"end":{"line":14,"column":null}},"1":{"start":{"line":6,"column":21},"end":{"line":6,"column":null}},"2":{"start":{"line":7,"column":8},"end":{"line":7,"column":null}},"3":{"start":{"line":10,"column":8},"end":{"line":13,"column":null}}},"fnMap":{"0":{"name":"(anonymous_0)","decl":{"start":{"line":4,"column":34},"end":{"line":4,"column":41}},"loc":{"start":{"line":4,"column":50},"end":{"line":16,"column":1}},"line":4}},"branchMap":{},"s":{"0":2,"1":2,"2":1,"3":1},"f":{"0":2},"b":{},"meta":{"lastBranch":0,"lastFunction":1,"lastStatement":4,"seen":{"f:4:34:4:41":0,"s:5:4:14:Infinity":0,"s:6:21:6:Infinity":1,"s:7:8:7:Infinity":2,"s:10:8:13:Infinity":3}}}
}
